05-24 11:25:08,314 [1] DEBUG Server [(null)] - Server started, listening port: 2551
05-24 11:25:08,577 [1] DEBUG Server [(null)] - 有客户端连接了, code:Success, msg:Client connection accepted, remote endpoint: 127.0.0.1:60200
05-24 11:25:08,583 [1] DEBUG Server [(null)] - 创建战场:JQHrwPXI1kCxzfMm9uv4ww==
05-24 11:25:08,670 [1] DEBUG Server [(null)] - 1
05-24 11:25:08,680 [1] DEBUG Server [(null)] - 2
05-24 11:25:08,700 [1] DEBUG Server [(null)] - 3
05-24 11:25:08,726 [1] DEBUG Server [(null)] - 4
05-24 11:25:08,726 [1] DEBUG Server [(null)] - 5
05-24 11:25:08,726 [1] DEBUG Server [(null)] - 6
05-24 11:25:08,740 [1] DEBUG Server [(null)] - 7
05-24 11:25:08,761 [1] DEBUG Server [(null)] - 8
05-24 11:25:08,780 [1] DEBUG Server [(null)] - 9
05-24 11:25:08,801 [1] DEBUG Server [(null)] - 10
05-24 11:25:08,841 [1] DEBUG Server [(null)] - 11
05-24 11:25:08,864 [1] DEBUG Server [(null)] - 12
05-24 11:25:08,881 [1] DEBUG Server [(null)] - 13
05-24 11:25:08,901 [1] DEBUG Server [(null)] - 14
05-24 11:25:08,924 [1] DEBUG Server [(null)] - 15
05-24 11:25:08,945 [1] DEBUG Server [(null)] - 16
05-24 11:25:08,963 [1] DEBUG Server [(null)] - 17
05-24 11:25:08,997 [1] DEBUG Server [(null)] - 18
05-24 11:25:09,008 [1] DEBUG Server [(null)] - 19
05-24 11:25:09,042 [1] DEBUG Server [(null)] - 20
05-24 11:25:09,110 [1] DEBUG Server [(null)] - 21
05-24 11:25:09,114 [1] DEBUG Server [(null)] - 22
05-24 11:25:09,117 [1] DEBUG Server [(null)] - 23
05-24 11:25:09,117 [1] DEBUG Server [(null)] - 24
05-24 11:25:09,126 [1] DEBUG Server [(null)] - 25
05-24 11:25:09,143 [1] DEBUG Server [(null)] - 26
05-24 11:25:09,163 [1] DEBUG Server [(null)] - 27
05-24 11:25:09,184 [1] DEBUG Server [(null)] - 28
05-24 11:25:09,218 [1] DEBUG Server [(null)] - 29
05-24 11:25:09,230 [1] DEBUG Server [(null)] - 30
05-24 11:25:09,248 [1] DEBUG Server [(null)] - 31
05-24 11:25:09,268 [1] DEBUG Server [(null)] - 32
05-24 11:25:09,309 [1] DEBUG Server [(null)] - 33
05-24 11:25:09,313 [1] DEBUG Server [(null)] - 34
05-24 11:25:09,328 [1] DEBUG Server [(null)] - 35
05-24 11:25:09,363 [1] DEBUG Server [(null)] - 36
05-24 11:25:09,461 [1] DEBUG Server [(null)] - 37
05-24 11:25:09,481 [1] DEBUG Server [(null)] - 38
05-24 11:25:09,483 [1] DEBUG Server [(null)] - 39
05-24 11:25:09,484 [1] DEBUG Server [(null)] - 40
05-24 11:25:09,485 [1] DEBUG Server [(null)] - 41
05-24 11:25:09,511 [1] DEBUG Server [(null)] - 42
05-24 11:25:09,544 [1] DEBUG Server [(null)] - 43
05-24 11:25:09,545 [1] DEBUG Server [(null)] - 44
05-24 11:25:09,548 [1] DEBUG Server [(null)] - 45
05-24 11:25:09,550 [1] DEBUG Server [(null)] - 46
05-24 11:25:09,552 [1] DEBUG Server [(null)] - 47
05-24 11:25:09,555 [1] DEBUG Server [(null)] - 48
05-24 11:25:09,559 [1] DEBUG Server [(null)] - 49
05-24 11:25:09,562 [1] DEBUG Server [(null)] - 50
05-24 11:25:09,663 [1] DEBUG Server [(null)] - 51
05-24 11:25:09,680 [1] DEBUG Server [(null)] - 52
05-24 11:25:09,700 [1] DEBUG Server [(null)] - 53
05-24 11:25:09,725 [1] DEBUG Server [(null)] - 54
05-24 11:25:09,740 [1] DEBUG Server [(null)] - 55
05-24 11:25:09,769 [1] DEBUG Server [(null)] - 56
05-24 11:25:09,790 [1] DEBUG Server [(null)] - 57
05-24 11:25:09,812 [1] DEBUG Server [(null)] - 58
05-24 11:25:09,829 [1] DEBUG Server [(null)] - 59
05-24 11:25:09,850 [1] DEBUG Server [(null)] - 60
05-24 11:25:09,877 [1] DEBUG Server [(null)] - 61
05-24 11:25:09,896 [1] DEBUG Server [(null)] - 62
05-24 11:25:09,918 [1] DEBUG Server [(null)] - 63
05-24 11:25:09,939 [1] DEBUG Server [(null)] - 64
05-24 11:25:09,958 [1] DEBUG Server [(null)] - 65
05-24 11:25:09,976 [1] DEBUG Server [(null)] - 66
05-24 11:25:09,997 [1] DEBUG Server [(null)] - 67
05-24 11:25:10,016 [1] DEBUG Server [(null)] - 68
05-24 11:25:10,043 [1] DEBUG Server [(null)] - 69
05-24 11:25:10,085 [1] DEBUG Server [(null)] - 70
05-24 11:25:10,095 [1] DEBUG Server [(null)] - 71
05-24 11:25:10,097 [1] DEBUG Server [(null)] - 72
05-24 11:25:10,100 [1] DEBUG Server [(null)] - 73
05-24 11:25:10,118 [1] DEBUG Server [(null)] - 74
05-24 11:25:10,150 [1] DEBUG Server [(null)] - 75
05-24 11:25:10,190 [1] DEBUG Server [(null)] - 76
05-24 11:25:10,197 [1] DEBUG Server [(null)] - 77
05-24 11:25:10,200 [1] DEBUG Server [(null)] - 78
05-24 11:25:10,219 [1] DEBUG Server [(null)] - 79
05-24 11:25:10,237 [1] DEBUG Server [(null)] - 80
05-24 11:25:10,287 [1] DEBUG Server [(null)] - 81
05-24 11:25:10,306 [1] DEBUG Server [(null)] - 82
05-24 11:25:10,328 [1] DEBUG Server [(null)] - 83
05-24 11:25:10,346 [1] DEBUG Server [(null)] - 84
05-24 11:25:10,367 [1] DEBUG Server [(null)] - 85
05-24 11:25:10,390 [1] DEBUG Server [(null)] - 86
05-24 11:25:10,410 [1] DEBUG Server [(null)] - 87
05-24 11:25:10,431 [1] DEBUG Server [(null)] - 88
05-24 11:25:10,450 [1] DEBUG Server [(null)] - 89
05-24 11:25:10,470 [1] DEBUG Server [(null)] - 90
05-24 11:25:10,497 [1] DEBUG Server [(null)] - 91
05-24 11:25:10,514 [1] DEBUG Server [(null)] - 92
05-24 11:25:10,535 [1] DEBUG Server [(null)] - 93
05-24 11:25:10,556 [1] DEBUG Server [(null)] - 94
05-24 11:25:10,576 [1] DEBUG Server [(null)] - 95
05-24 11:25:10,595 [1] DEBUG Server [(null)] - 96
05-24 11:25:10,615 [1] DEBUG Server [(null)] - 97
05-24 11:25:10,634 [1] DEBUG Server [(null)] - 98
05-24 11:25:10,654 [1] DEBUG Server [(null)] - 99
05-24 11:25:10,676 [1] DEBUG Server [(null)] - 100
05-24 11:25:10,695 [1] DEBUG Server [(null)] - 101
05-24 11:25:10,717 [1] DEBUG Server [(null)] - 102
05-24 11:25:10,735 [1] DEBUG Server [(null)] - 103
05-24 11:25:10,755 [1] DEBUG Server [(null)] - 104
05-24 11:25:10,779 [1] DEBUG Server [(null)] - 105
05-24 11:25:10,801 [1] DEBUG Server [(null)] - 106
05-24 11:25:10,831 [1] DEBUG Server [(null)] - 107
05-24 11:25:10,841 [1] DEBUG Server [(null)] - 108
05-24 11:25:10,861 [1] DEBUG Server [(null)] - 109
05-24 11:25:10,882 [1] DEBUG Server [(null)] - 110
05-24 11:25:10,884 [1] DEBUG Server [(null)] - 111
05-24 11:25:10,902 [1] DEBUG Server [(null)] - 112
05-24 11:25:10,926 [1] DEBUG Server [(null)] - 113
05-24 11:25:10,941 [1] DEBUG Server [(null)] - 114
05-24 11:25:10,963 [1] DEBUG Server [(null)] - 115
05-24 11:25:11,005 [1] DEBUG Server [(null)] - 116
05-24 11:25:11,034 [1] DEBUG Server [(null)] - 117
05-24 11:25:11,045 [1] DEBUG Server [(null)] - 118
05-24 11:25:11,064 [1] DEBUG Server [(null)] - 119
05-24 11:25:11,085 [1] DEBUG Server [(null)] - 120
05-24 11:25:11,107 [1] DEBUG Server [(null)] - 121
05-24 11:25:11,128 [1] DEBUG Server [(null)] - 122
05-24 11:25:11,164 [1] DEBUG Server [(null)] - 123
05-24 11:25:11,179 [1] DEBUG Server [(null)] - 124
05-24 11:25:11,200 [1] DEBUG Server [(null)] - 125
05-24 11:25:11,203 [1] DEBUG Server [(null)] - 126
05-24 11:25:11,216 [1] DEBUG Server [(null)] - 127
05-24 11:25:11,229 [1] DEBUG Server [(null)] - 128
05-24 11:25:11,248 [1] DEBUG Server [(null)] - 129
05-24 11:25:11,267 [1] DEBUG Server [(null)] - 130
05-24 11:25:11,314 [1] DEBUG Server [(null)] - 131
05-24 11:25:11,335 [1] DEBUG Server [(null)] - 132
05-24 11:25:11,356 [1] DEBUG Server [(null)] - 133
05-24 11:25:11,374 [1] DEBUG Server [(null)] - 134
05-24 11:25:11,396 [1] DEBUG Server [(null)] - 135
05-24 11:25:11,415 [1] DEBUG Server [(null)] - 136
05-24 11:25:11,435 [1] DEBUG Server [(null)] - 137
05-24 11:25:11,454 [1] DEBUG Server [(null)] - 138
05-24 11:25:11,475 [1] DEBUG Server [(null)] - 139
05-24 11:25:11,495 [1] DEBUG Server [(null)] - 140
05-24 11:25:11,533 [1] DEBUG Server [(null)] - 141
05-24 11:25:11,545 [1] DEBUG Server [(null)] - 142
05-24 11:25:11,564 [1] DEBUG Server [(null)] - 143
05-24 11:25:11,584 [1] DEBUG Server [(null)] - 144
05-24 11:25:11,605 [1] DEBUG Server [(null)] - 145
05-24 11:25:11,627 [1] DEBUG Server [(null)] - 146
05-24 11:25:11,645 [1] DEBUG Server [(null)] - 147
05-24 11:25:11,664 [1] DEBUG Server [(null)] - 148
05-24 11:25:11,684 [1] DEBUG Server [(null)] - 149
05-24 11:25:11,705 [1] DEBUG Server [(null)] - 150
05-24 11:25:11,733 [1] DEBUG Server [(null)] - 151
05-24 11:25:11,753 [1] DEBUG Server [(null)] - 152
05-24 11:25:11,781 [1] DEBUG Server [(null)] - 153
05-24 11:25:11,796 [1] DEBUG Server [(null)] - 154
05-24 11:25:11,813 [1] DEBUG Server [(null)] - 155
05-24 11:25:11,836 [1] DEBUG Server [(null)] - 156
05-24 11:25:11,857 [1] DEBUG Server [(null)] - 157
05-24 11:25:11,877 [1] DEBUG Server [(null)] - 158
05-24 11:25:11,897 [1] DEBUG Server [(null)] - 159
05-24 11:25:11,917 [1] DEBUG Server [(null)] - 160
05-24 11:25:11,942 [1] DEBUG Server [(null)] - 161
05-24 11:25:11,963 [1] DEBUG Server [(null)] - 162
05-24 11:25:11,981 [1] DEBUG Server [(null)] - 163
05-24 11:25:12,001 [1] DEBUG Server [(null)] - 164
05-24 11:25:12,022 [1] DEBUG Server [(null)] - 165
05-24 11:25:12,043 [1] DEBUG Server [(null)] - 166
05-24 11:25:12,061 [1] DEBUG Server [(null)] - 167
05-24 11:25:12,082 [1] DEBUG Server [(null)] - 168
05-24 11:25:12,102 [1] DEBUG Server [(null)] - 169
05-24 11:25:12,121 [1] DEBUG Server [(null)] - 170
05-24 11:25:12,151 [1] DEBUG Server [(null)] - 171
05-24 11:25:12,172 [1] DEBUG Server [(null)] - 172
05-24 11:25:12,190 [1] DEBUG Server [(null)] - 173
05-24 11:25:12,214 [1] DEBUG Server [(null)] - 174
05-24 11:25:12,231 [1] DEBUG Server [(null)] - 175
05-24 11:25:12,255 [1] DEBUG Server [(null)] - 176
05-24 11:25:12,275 [1] DEBUG Server [(null)] - 177
05-24 11:25:12,296 [1] DEBUG Server [(null)] - 178
05-24 11:25:12,314 [1] DEBUG Server [(null)] - 179
05-24 11:25:12,334 [1] DEBUG Server [(null)] - 180
05-24 11:25:12,360 [1] DEBUG Server [(null)] - 181
05-24 11:25:12,382 [1] DEBUG Server [(null)] - 182
05-24 11:25:12,400 [1] DEBUG Server [(null)] - 183
05-24 11:25:12,421 [1] DEBUG Server [(null)] - 184
05-24 11:25:12,441 [1] DEBUG Server [(null)] - 185
05-24 11:25:12,463 [1] DEBUG Server [(null)] - 186
05-24 11:25:12,484 [1] DEBUG Server [(null)] - 187
05-24 11:25:12,504 [1] DEBUG Server [(null)] - 188
05-24 11:25:12,526 [1] DEBUG Server [(null)] - 189
05-24 11:25:12,544 [1] DEBUG Server [(null)] - 190
05-24 11:25:12,570 [1] DEBUG Server [(null)] - 191
05-24 11:25:12,590 [1] DEBUG Server [(null)] - 192
05-24 11:25:12,610 [1] DEBUG Server [(null)] - 193
05-24 11:25:12,629 [1] DEBUG Server [(null)] - 194
05-24 11:25:12,649 [1] DEBUG Server [(null)] - 195
05-24 11:25:12,673 [1] DEBUG Server [(null)] - 196
05-24 11:25:12,694 [1] DEBUG Server [(null)] - 197
05-24 11:25:12,713 [1] DEBUG Server [(null)] - 198
05-24 11:25:12,734 [1] DEBUG Server [(null)] - 199
05-24 11:25:12,754 [1] DEBUG Server [(null)] - 200
05-24 11:25:12,778 [1] DEBUG Server [(null)] - 201
05-24 11:25:12,797 [1] DEBUG Server [(null)] - 202
05-24 11:25:12,816 [1] DEBUG Server [(null)] - 203
05-24 11:25:12,836 [1] DEBUG Server [(null)] - 204
05-24 11:25:12,857 [1] DEBUG Server [(null)] - 205
05-24 11:25:12,877 [1] DEBUG Server [(null)] - 206
05-24 11:25:12,897 [1] DEBUG Server [(null)] - 207
05-24 11:25:12,916 [1] DEBUG Server [(null)] - 208
05-24 11:25:12,937 [1] DEBUG Server [(null)] - 209
05-24 11:25:12,957 [1] DEBUG Server [(null)] - 210
05-24 11:25:12,985 [1] DEBUG Server [(null)] - 211
05-24 11:25:13,006 [1] DEBUG Server [(null)] - 212
05-24 11:25:13,027 [1] DEBUG Server [(null)] - 213
05-24 11:25:13,046 [1] DEBUG Server [(null)] - 214
05-24 11:25:13,066 [1] DEBUG Server [(null)] - 215
05-24 11:25:13,091 [1] DEBUG Server [(null)] - 216
05-24 11:25:13,113 [1] DEBUG Server [(null)] - 217
05-24 11:25:13,132 [1] DEBUG Server [(null)] - 218
05-24 11:25:13,151 [1] DEBUG Server [(null)] - 219
05-24 11:25:13,171 [1] DEBUG Server [(null)] - 220
05-24 11:25:13,198 [1] DEBUG Server [(null)] - 221
05-24 11:25:13,219 [1] DEBUG Server [(null)] - 222
05-24 11:25:13,238 [1] DEBUG Server [(null)] - 223
05-24 11:25:13,259 [1] DEBUG Server [(null)] - 224
05-24 11:25:13,278 [1] DEBUG Server [(null)] - 225
05-24 11:25:13,301 [1] DEBUG Server [(null)] - 226
05-24 11:25:13,323 [1] DEBUG Server [(null)] - 227
05-24 11:25:13,342 [1] DEBUG Server [(null)] - 228
05-24 11:25:13,363 [1] DEBUG Server [(null)] - 229
05-24 11:25:13,381 [1] DEBUG Server [(null)] - 230
05-24 11:25:13,407 [1] DEBUG Server [(null)] - 231
05-24 11:25:13,427 [1] DEBUG Server [(null)] - 232
05-24 11:25:13,448 [1] DEBUG Server [(null)] - 233
05-24 11:25:13,467 [1] DEBUG Server [(null)] - 234
05-24 11:25:13,486 [1] DEBUG Server [(null)] - 235
05-24 11:25:13,513 [1] DEBUG Server [(null)] - 236
05-24 11:25:13,534 [1] DEBUG Server [(null)] - 237
05-24 11:25:13,553 [1] DEBUG Server [(null)] - 238
05-24 11:25:13,577 [1] DEBUG Server [(null)] - 239
05-24 11:25:13,593 [1] DEBUG Server [(null)] - 240
05-24 11:25:13,618 [1] DEBUG Server [(null)] - 241
05-24 11:25:13,637 [1] DEBUG Server [(null)] - 242
05-24 11:25:13,656 [1] DEBUG Server [(null)] - 243
05-24 11:25:13,677 [1] DEBUG Server [(null)] - 244
05-24 11:25:13,697 [1] DEBUG Server [(null)] - 245
05-24 11:25:13,719 [1] DEBUG Server [(null)] - 246
05-24 11:25:13,739 [1] DEBUG Server [(null)] - 247
05-24 11:25:13,759 [1] DEBUG Server [(null)] - 248
05-24 11:25:13,779 [1] DEBUG Server [(null)] - 249
05-24 11:25:13,798 [1] DEBUG Server [(null)] - 250
05-24 11:25:13,801 [1] DEBUG Server [(null)] - 251
05-24 11:25:13,819 [1] DEBUG Server [(null)] - 252
05-24 11:25:13,839 [1] DEBUG Server [(null)] - 253
05-24 11:25:13,859 [1] DEBUG Server [(null)] - 254
05-24 11:25:13,879 [1] DEBUG Server [(null)] - 255
05-24 11:25:13,920 [1] DEBUG Server [(null)] - 256
05-24 11:25:13,940 [1] DEBUG Server [(null)] - 257
05-24 11:25:13,959 [1] DEBUG Server [(null)] - 258
05-24 11:25:13,980 [1] DEBUG Server [(null)] - 259
05-24 11:25:14,000 [1] DEBUG Server [(null)] - 260
05-24 11:25:14,025 [1] DEBUG Server [(null)] - 261
05-24 11:25:14,044 [1] DEBUG Server [(null)] - 262
05-24 11:25:14,064 [1] DEBUG Server [(null)] - 263
05-24 11:25:14,084 [1] DEBUG Server [(null)] - 264
05-24 11:25:14,104 [1] DEBUG Server [(null)] - 265
05-24 11:25:14,128 [1] DEBUG Server [(null)] - 266
05-24 11:25:14,149 [1] DEBUG Server [(null)] - 267
05-24 11:25:14,169 [1] DEBUG Server [(null)] - 268
05-24 11:25:14,189 [1] DEBUG Server [(null)] - 269
05-24 11:25:14,210 [1] DEBUG Server [(null)] - 270
05-24 11:25:14,229 [1] DEBUG Server [(null)] - 271
05-24 11:25:14,249 [1] DEBUG Server [(null)] - 272
05-24 11:25:14,269 [1] DEBUG Server [(null)] - 273
05-24 11:25:14,290 [1] DEBUG Server [(null)] - 274
05-24 11:25:14,309 [1] DEBUG Server [(null)] - 275
05-24 11:25:14,337 [1] DEBUG Server [(null)] - 276
05-24 11:25:14,358 [1] DEBUG Server [(null)] - 277
05-24 11:25:14,377 [1] DEBUG Server [(null)] - 278
05-24 11:25:14,397 [1] DEBUG Server [(null)] - 279
05-24 11:25:14,418 [1] DEBUG Server [(null)] - 280
05-24 11:25:14,438 [1] DEBUG Server [(null)] - 281
05-24 11:25:14,458 [1] DEBUG Server [(null)] - 282
05-24 11:25:14,481 [1] DEBUG Server [(null)] - 283
05-24 11:25:14,500 [1] DEBUG Server [(null)] - 284
05-24 11:25:14,518 [1] DEBUG Server [(null)] - 285
05-24 11:25:14,548 [1] DEBUG Server [(null)] - 286
05-24 11:25:14,567 [1] DEBUG Server [(null)] - 287
05-24 11:25:14,588 [1] DEBUG Server [(null)] - 288
05-24 11:25:14,608 [1] DEBUG Server [(null)] - 289
05-24 11:25:14,628 [1] DEBUG Server [(null)] - 290
05-24 11:25:14,652 [1] DEBUG Server [(null)] - 291
05-24 11:25:14,672 [1] DEBUG Server [(null)] - 292
05-24 11:25:14,692 [1] DEBUG Server [(null)] - 293
05-24 11:25:14,712 [1] DEBUG Server [(null)] - 294
05-24 11:25:14,731 [1] DEBUG Server [(null)] - 295
05-24 11:25:14,752 [1] DEBUG Server [(null)] - 296
05-24 11:25:14,772 [1] DEBUG Server [(null)] - 297
05-24 11:25:14,792 [1] DEBUG Server [(null)] - 298
05-24 11:25:14,812 [1] DEBUG Server [(null)] - 299
05-24 11:25:14,832 [1] DEBUG Server [(null)] - 300
05-24 11:25:14,862 [1] DEBUG Server [(null)] - 301
05-24 11:25:14,882 [1] DEBUG Server [(null)] - 302
05-24 11:25:14,901 [1] DEBUG Server [(null)] - 303
05-24 11:25:14,922 [1] DEBUG Server [(null)] - 304
05-24 11:25:14,941 [1] DEBUG Server [(null)] - 305
05-24 11:25:14,962 [1] DEBUG Server [(null)] - 306
05-24 11:25:14,981 [1] DEBUG Server [(null)] - 307
05-24 11:25:15,002 [1] DEBUG Server [(null)] - 308
05-24 11:25:15,021 [1] DEBUG Server [(null)] - 309
05-24 11:25:15,041 [1] DEBUG Server [(null)] - 310
05-24 11:25:15,069 [1] DEBUG Server [(null)] - 311
05-24 11:25:15,089 [1] DEBUG Server [(null)] - 312
05-24 11:25:15,110 [1] DEBUG Server [(null)] - 313
05-24 11:25:15,130 [1] DEBUG Server [(null)] - 314
05-24 11:25:15,150 [1] DEBUG Server [(null)] - 315
05-24 11:25:15,170 [1] DEBUG Server [(null)] - 316
05-24 11:25:15,190 [1] DEBUG Server [(null)] - 317
05-24 11:25:15,209 [1] DEBUG Server [(null)] - 318
05-24 11:25:15,230 [1] DEBUG Server [(null)] - 319
05-24 11:25:15,250 [1] DEBUG Server [(null)] - 320
05-24 11:25:15,280 [1] DEBUG Server [(null)] - 321
05-24 11:25:15,298 [1] DEBUG Server [(null)] - 322
05-24 11:25:15,335 [1] DEBUG Server [(null)] - 323
05-24 11:25:15,339 [1] DEBUG Server [(null)] - 有客户端断开连接了, code:NoData, msg:Receive zero bytes, remote endpoint: 127.0.0.1:60200
05-24 11:25:15,346 [1] DEBUG Server [(null)] - 324
05-24 11:25:15,357 [1] DEBUG Server [(null)] - 325
05-24 11:26:25,511 [1] DEBUG Server [(null)] - Server started, listening port: 2551
05-24 11:26:25,805 [1] DEBUG Server [(null)] - 有客户端连接了, code:Success, msg:Client connection accepted, remote endpoint: 127.0.0.1:60212
05-24 11:26:25,825 [1] DEBUG Server [(null)] - 创建战场:/UJAG+N+vkGUAWugEQnagg==
05-24 11:26:25,961 [1] DEBUG Server [(null)] - 1
05-24 11:26:25,970 [1] DEBUG Server [(null)] - 2
05-24 11:26:25,971 [1] DEBUG Server [(null)] - 3
05-24 11:26:25,972 [1] DEBUG Server [(null)] - 4
05-24 11:26:25,988 [1] DEBUG Server [(null)] - 5
05-24 11:26:25,994 [1] DEBUG Server [(null)] - 6
05-24 11:26:25,994 [1] DEBUG Server [(null)] - 7
05-24 11:26:25,995 [1] DEBUG Server [(null)] - 8
05-24 11:26:25,995 [1] DEBUG Server [(null)] - 9
05-24 11:26:25,997 [1] DEBUG Server [(null)] - 10
05-24 11:26:26,070 [1] DEBUG Server [(null)] - 11
05-24 11:26:26,091 [1] DEBUG Server [(null)] - 12
05-24 11:26:26,110 [1] DEBUG Server [(null)] - 13
05-24 11:26:26,132 [1] DEBUG Server [(null)] - 14
05-24 11:26:26,150 [1] DEBUG Server [(null)] - 15
05-24 11:26:26,175 [1] DEBUG Server [(null)] - 16
05-24 11:26:26,207 [1] DEBUG Server [(null)] - 17
05-24 11:26:26,215 [1] DEBUG Server [(null)] - 18
05-24 11:26:26,236 [1] DEBUG Server [(null)] - 19
05-24 11:26:26,254 [1] DEBUG Server [(null)] - 20
05-24 11:26:26,275 [1] DEBUG Server [(null)] - 21
05-24 11:26:26,300 [1] DEBUG Server [(null)] - 22
05-24 11:26:26,315 [1] DEBUG Server [(null)] - 23
05-24 11:26:26,337 [1] DEBUG Server [(null)] - 24
05-24 11:26:26,356 [1] DEBUG Server [(null)] - 25
05-24 11:26:26,380 [1] DEBUG Server [(null)] - 26
05-24 11:26:26,399 [1] DEBUG Server [(null)] - 27
05-24 11:26:26,420 [1] DEBUG Server [(null)] - 28
05-24 11:26:26,439 [1] DEBUG Server [(null)] - 29
05-24 11:26:26,461 [1] DEBUG Server [(null)] - 30
05-24 11:26:26,484 [1] DEBUG Server [(null)] - 31
05-24 11:26:26,502 [1] DEBUG Server [(null)] - 32
05-24 11:26:26,536 [1] DEBUG Server [(null)] - 33
05-24 11:26:26,540 [1] DEBUG Server [(null)] - 34
05-24 11:26:26,561 [1] DEBUG Server [(null)] - 35
05-24 11:26:26,590 [1] DEBUG Server [(null)] - 36
05-24 11:26:26,611 [1] DEBUG Server [(null)] - 37
05-24 11:26:26,668 [1] DEBUG Server [(null)] - 38
05-24 11:26:26,704 [1] DEBUG Server [(null)] - 39
05-24 11:26:26,723 [1] DEBUG Server [(null)] - 40
05-24 11:26:26,725 [1] DEBUG Server [(null)] - 41
05-24 11:26:26,726 [1] DEBUG Server [(null)] - 42
05-24 11:26:26,728 [1] DEBUG Server [(null)] - 43
05-24 11:26:26,759 [1] DEBUG Server [(null)] - 44
05-24 11:26:26,761 [1] DEBUG Server [(null)] - 45
05-24 11:26:26,792 [1] DEBUG Server [(null)] - 46
05-24 11:26:26,824 [1] DEBUG Server [(null)] - 47
05-24 11:26:26,837 [1] DEBUG Server [(null)] - 48
05-24 11:26:26,853 [1] DEBUG Server [(null)] - 49
05-24 11:26:26,872 [1] DEBUG Server [(null)] - 50
05-24 11:26:26,897 [1] DEBUG Server [(null)] - 51
05-24 11:26:26,917 [1] DEBUG Server [(null)] - 52
05-24 11:26:26,938 [1] DEBUG Server [(null)] - 53
05-24 11:26:26,957 [1] DEBUG Server [(null)] - 54
05-24 11:26:26,986 [1] DEBUG Server [(null)] - 55
05-24 11:26:26,998 [1] DEBUG Server [(null)] - 56
05-24 11:26:27,017 [1] DEBUG Server [(null)] - 57
05-24 11:26:27,037 [1] DEBUG Server [(null)] - 58
05-24 11:26:27,058 [1] DEBUG Server [(null)] - 59
05-24 11:26:27,078 [1] DEBUG Server [(null)] - 60
05-24 11:26:27,098 [1] DEBUG Server [(null)] - 61
05-24 11:26:27,124 [1] DEBUG Server [(null)] - 62
05-24 11:26:27,169 [1] DEBUG Server [(null)] - 63
05-24 11:26:27,192 [1] DEBUG Server [(null)] - 64
05-24 11:26:27,196 [1] DEBUG Server [(null)] - 65
05-24 11:26:27,200 [1] DEBUG Server [(null)] - 66
05-24 11:26:27,203 [1] DEBUG Server [(null)] - 67
05-24 11:26:27,218 [1] DEBUG Server [(null)] - 68
05-24 11:26:27,238 [1] DEBUG Server [(null)] - 69
05-24 11:26:27,275 [1] DEBUG Server [(null)] - 70
05-24 11:26:27,362 [1] DEBUG Server [(null)] - 71
05-24 11:26:27,376 [1] DEBUG Server [(null)] - 72
05-24 11:26:27,384 [1] DEBUG Server [(null)] - 73
05-24 11:26:27,391 [1] DEBUG Server [(null)] - 74
05-24 11:26:27,391 [1] DEBUG Server [(null)] - 75
05-24 11:26:27,403 [1] DEBUG Server [(null)] - 76
05-24 11:26:27,423 [1] DEBUG Server [(null)] - 77
05-24 11:26:27,443 [1] DEBUG Server [(null)] - 78
05-24 11:26:27,464 [1] DEBUG Server [(null)] - 79
05-24 11:26:27,485 [1] DEBUG Server [(null)] - 80
05-24 11:26:27,509 [1] DEBUG Server [(null)] - 81
05-24 11:26:27,529 [1] DEBUG Server [(null)] - 82
05-24 11:26:27,549 [1] DEBUG Server [(null)] - 83
05-24 11:26:27,569 [1] DEBUG Server [(null)] - 84
05-24 11:26:27,590 [1] DEBUG Server [(null)] - 85
05-24 11:26:27,614 [1] DEBUG Server [(null)] - 86
05-24 11:26:27,638 [1] DEBUG Server [(null)] - 87
05-24 11:26:27,654 [1] DEBUG Server [(null)] - 88
05-24 11:26:27,674 [1] DEBUG Server [(null)] - 89
05-24 11:26:27,694 [1] DEBUG Server [(null)] - 90
05-24 11:26:27,721 [1] DEBUG Server [(null)] - 91
05-24 11:26:27,742 [1] DEBUG Server [(null)] - 92
05-24 11:26:27,761 [1] DEBUG Server [(null)] - 93
05-24 11:26:27,780 [1] DEBUG Server [(null)] - 94
05-24 11:26:27,801 [1] DEBUG Server [(null)] - 95
05-24 11:26:27,825 [1] DEBUG Server [(null)] - 96
05-24 11:26:27,844 [1] DEBUG Server [(null)] - 97
05-24 11:26:27,864 [1] DEBUG Server [(null)] - 98
05-24 11:26:27,886 [1] DEBUG Server [(null)] - 99
05-24 11:26:27,903 [1] DEBUG Server [(null)] - 100
05-24 11:26:27,924 [1] DEBUG Server [(null)] - 101
05-24 11:26:27,943 [1] DEBUG Server [(null)] - 102
05-24 11:26:27,964 [1] DEBUG Server [(null)] - 103
05-24 11:26:27,978 [1] DEBUG Server [(null)] - 有客户端断开连接了, code:Shutdown, msg:Server stoped
05-24 11:26:28,122 [1] DEBUG Server [(null)] - 104
05-24 11:26:28,123 [1] DEBUG Server [(null)] - 105
05-24 11:32:47,324 [1] DEBUG Server [(null)] - Server started, listening port: 2551
05-24 11:32:47,705 [1] DEBUG Server [(null)] - 有客户端连接了, code:Success, msg:Client connection accepted, remote endpoint: 127.0.0.1:60281
05-24 11:32:47,723 [1] DEBUG Server [(null)] - 创建战场:Fg7IptKGxUmlyCSR+L78gA==
05-24 11:32:47,811 [1] DEBUG Server [(null)] - 1
05-24 11:32:47,815 [1] DEBUG Server [(null)] - 2
05-24 11:32:47,815 [1] DEBUG Server [(null)] - 3
05-24 11:32:47,815 [1] DEBUG Server [(null)] - 4
05-24 11:32:47,815 [1] DEBUG Server [(null)] - 5
05-24 11:32:47,843 [1] DEBUG Server [(null)] - 6
05-24 11:32:47,864 [1] DEBUG Server [(null)] - 7
05-24 11:32:47,883 [1] DEBUG Server [(null)] - 8
05-24 11:32:47,906 [1] DEBUG Server [(null)] - 9
05-24 11:32:47,923 [1] DEBUG Server [(null)] - 10
05-24 11:32:47,960 [1] DEBUG Server [(null)] - 11
05-24 11:32:47,980 [1] DEBUG Server [(null)] - 12
05-24 11:32:48,000 [1] DEBUG Server [(null)] - 13
05-24 11:32:48,020 [1] DEBUG Server [(null)] - 14
05-24 11:32:48,041 [1] DEBUG Server [(null)] - 15
05-24 11:32:48,060 [1] DEBUG Server [(null)] - 16
05-24 11:32:48,081 [1] DEBUG Server [(null)] - 17
05-24 11:32:48,100 [1] DEBUG Server [(null)] - 18
05-24 11:32:48,120 [1] DEBUG Server [(null)] - 19
05-24 11:32:48,140 [1] DEBUG Server [(null)] - 20
05-24 11:32:48,164 [1] DEBUG Server [(null)] - 21
05-24 11:32:48,185 [1] DEBUG Server [(null)] - 22
05-24 11:32:48,205 [1] DEBUG Server [(null)] - 23
05-24 11:32:48,224 [1] DEBUG Server [(null)] - 24
05-24 11:32:48,245 [1] DEBUG Server [(null)] - 25
05-24 11:32:48,272 [1] DEBUG Server [(null)] - 26
05-24 11:32:48,293 [1] DEBUG Server [(null)] - 27
05-24 11:32:48,314 [1] DEBUG Server [(null)] - 28
05-24 11:32:48,332 [1] DEBUG Server [(null)] - 29
05-24 11:32:48,352 [1] DEBUG Server [(null)] - 30
05-24 11:32:48,380 [1] DEBUG Server [(null)] - 31
05-24 11:32:48,396 [1] DEBUG Server [(null)] - 32
05-24 11:32:48,417 [1] DEBUG Server [(null)] - 33
05-24 11:32:48,436 [1] DEBUG Server [(null)] - 34
05-24 11:32:48,460 [1] DEBUG Server [(null)] - 35
05-24 11:32:48,486 [1] DEBUG Server [(null)] - 36
05-24 11:32:48,510 [1] DEBUG Server [(null)] - 37
05-24 11:32:48,516 [1] DEBUG Server [(null)] - 38
05-24 11:32:48,552 [1] DEBUG Server [(null)] - 39
05-24 11:32:48,579 [1] DEBUG Server [(null)] - 40
05-24 11:32:48,582 [1] DEBUG Server [(null)] - 41
05-24 11:32:48,585 [1] DEBUG Server [(null)] - 42
05-24 11:32:48,596 [1] DEBUG Server [(null)] - 43
05-24 11:32:48,619 [1] DEBUG Server [(null)] - 44
05-24 11:32:48,637 [1] DEBUG Server [(null)] - 45
05-24 11:32:48,684 [1] DEBUG Server [(null)] - 46
05-24 11:32:48,704 [1] DEBUG Server [(null)] - 47
05-24 11:32:48,735 [1] DEBUG Server [(null)] - 48
05-24 11:32:48,753 [1] DEBUG Server [(null)] - 49
05-24 11:32:48,765 [1] DEBUG Server [(null)] - 50
05-24 11:32:48,795 [1] DEBUG Server [(null)] - 51
05-24 11:32:48,815 [1] DEBUG Server [(null)] - 52
05-24 11:32:48,829 [1] DEBUG Server [(null)] - 53
05-24 11:32:48,849 [1] DEBUG Server [(null)] - 54
05-24 11:32:48,872 [1] DEBUG Server [(null)] - 55
05-24 11:32:48,890 [1] DEBUG Server [(null)] - 56
05-24 11:32:48,918 [1] DEBUG Server [(null)] - 57
05-24 11:32:48,931 [1] DEBUG Server [(null)] - 58
05-24 11:32:48,950 [1] DEBUG Server [(null)] - 59
05-24 11:32:48,998 [1] DEBUG Server [(null)] - 60
05-24 11:32:49,001 [1] DEBUG Server [(null)] - 61
05-24 11:32:49,003 [1] DEBUG Server [(null)] - 62
05-24 11:32:49,011 [1] DEBUG Server [(null)] - 63
05-24 11:32:49,070 [1] DEBUG Server [(null)] - 64
05-24 11:32:49,119 [1] DEBUG Server [(null)] - 65
05-24 11:32:49,122 [1] DEBUG Server [(null)] - 66
05-24 11:32:49,123 [1] DEBUG Server [(null)] - 67
05-24 11:32:49,124 [1] DEBUG Server [(null)] - 68
05-24 11:32:49,130 [1] DEBUG Server [(null)] - 69
05-24 11:32:49,150 [1] DEBUG Server [(null)] - 70
05-24 11:32:49,209 [1] DEBUG Server [(null)] - 71
05-24 11:32:49,230 [1] DEBUG Server [(null)] - 72
05-24 11:32:49,248 [1] DEBUG Server [(null)] - 73
05-24 11:32:49,269 [1] DEBUG Server [(null)] - 74
05-24 11:32:49,287 [1] DEBUG Server [(null)] - 75
05-24 11:32:49,319 [1] DEBUG Server [(null)] - 76
05-24 11:32:49,337 [1] DEBUG Server [(null)] - 77
05-24 11:32:49,356 [1] DEBUG Server [(null)] - 78
05-24 11:32:49,380 [1] DEBUG Server [(null)] - 79
05-24 11:32:49,390 [1] DEBUG Server [(null)] - 80
05-24 11:32:49,396 [1] DEBUG Server [(null)] - 81
05-24 11:32:49,416 [1] DEBUG Server [(null)] - 82
05-24 11:32:49,436 [1] DEBUG Server [(null)] - 83
05-24 11:32:49,456 [1] DEBUG Server [(null)] - 84
05-24 11:32:49,477 [1] DEBUG Server [(null)] - 85
05-24 11:32:49,518 [1] DEBUG Server [(null)] - 86
05-24 11:32:49,538 [1] DEBUG Server [(null)] - 87
05-24 11:32:49,566 [1] DEBUG Server [(null)] - 88
05-24 11:32:49,581 [1] DEBUG Server [(null)] - 89
05-24 11:32:49,619 [1] DEBUG Server [(null)] - 90
05-24 11:32:49,721 [1] DEBUG Server [(null)] - 91
05-24 11:32:49,721 [1] DEBUG Server [(null)] - 92
05-24 11:32:49,722 [1] DEBUG Server [(null)] - 93
05-24 11:32:49,723 [1] DEBUG Server [(null)] - 94
05-24 11:32:49,723 [1] DEBUG Server [(null)] - 95
05-24 11:32:49,724 [1] DEBUG Server [(null)] - 96
05-24 11:32:49,729 [1] DEBUG Server [(null)] - 97
05-24 11:32:49,731 [1] DEBUG Server [(null)] - 98
05-24 11:32:49,735 [1] DEBUG Server [(null)] - 99
05-24 11:32:49,736 [1] DEBUG Server [(null)] - 100
05-24 11:32:49,807 [1] DEBUG Server [(null)] - 101
05-24 11:32:49,822 [1] DEBUG Server [(null)] - 102
05-24 11:32:49,844 [1] DEBUG Server [(null)] - 103
05-24 11:32:49,869 [1] DEBUG Server [(null)] - 104
05-24 11:32:49,883 [1] DEBUG Server [(null)] - 105
05-24 11:32:49,935 [1] DEBUG Server [(null)] - 106
05-24 11:32:49,955 [1] DEBUG Server [(null)] - 107
05-24 11:32:49,974 [1] DEBUG Server [(null)] - 108
05-24 11:32:49,995 [1] DEBUG Server [(null)] - 109
05-24 11:32:50,015 [1] DEBUG Server [(null)] - 110
05-24 11:32:50,039 [1] DEBUG Server [(null)] - 111
05-24 11:32:50,062 [1] DEBUG Server [(null)] - 112
05-24 11:32:50,081 [1] DEBUG Server [(null)] - 113
05-24 11:32:50,101 [1] DEBUG Server [(null)] - 114
05-24 11:32:50,120 [1] DEBUG Server [(null)] - 115
05-24 11:32:50,145 [1] DEBUG Server [(null)] - 116
05-24 11:32:50,168 [1] DEBUG Server [(null)] - 117
05-24 11:32:50,199 [1] DEBUG Server [(null)] - 118
05-24 11:32:50,207 [1] DEBUG Server [(null)] - 119
05-24 11:32:50,224 [1] DEBUG Server [(null)] - 120
05-24 11:32:50,245 [1] DEBUG Server [(null)] - 121
05-24 11:32:50,265 [1] DEBUG Server [(null)] - 122
05-24 11:32:50,284 [1] DEBUG Server [(null)] - 123
05-24 11:32:50,304 [1] DEBUG Server [(null)] - 124
05-24 11:32:50,324 [1] DEBUG Server [(null)] - 125
05-24 11:32:50,345 [1] DEBUG Server [(null)] - 126
05-24 11:32:50,365 [1] DEBUG Server [(null)] - 127
05-24 11:32:50,384 [1] DEBUG Server [(null)] - 128
05-24 11:32:50,405 [1] DEBUG Server [(null)] - 129
05-24 11:32:50,425 [1] DEBUG Server [(null)] - 130
05-24 11:32:50,453 [1] DEBUG Server [(null)] - 131
05-24 11:32:50,472 [1] DEBUG Server [(null)] - 132
05-24 11:32:50,492 [1] DEBUG Server [(null)] - 133
05-24 11:32:50,514 [1] DEBUG Server [(null)] - 134
05-24 11:32:50,533 [1] DEBUG Server [(null)] - 135
05-24 11:32:50,558 [1] DEBUG Server [(null)] - 136
05-24 11:32:50,579 [1] DEBUG Server [(null)] - 137
05-24 11:32:50,596 [1] DEBUG Server [(null)] - 138
05-24 11:32:50,617 [1] DEBUG Server [(null)] - 139
05-24 11:32:50,637 [1] DEBUG Server [(null)] - 140
05-24 11:32:50,665 [1] DEBUG Server [(null)] - 141
05-24 11:32:50,685 [1] DEBUG Server [(null)] - 142
05-24 11:32:50,704 [1] DEBUG Server [(null)] - 143
05-24 11:32:50,724 [1] DEBUG Server [(null)] - 144
05-24 11:32:50,755 [1] DEBUG Server [(null)] - 145
05-24 11:32:50,774 [1] DEBUG Server [(null)] - 146
05-24 11:32:50,788 [1] DEBUG Server [(null)] - 147
05-24 11:32:50,805 [1] DEBUG Server [(null)] - 148
05-24 11:32:50,825 [1] DEBUG Server [(null)] - 149
05-24 11:32:50,846 [1] DEBUG Server [(null)] - 150
05-24 11:32:50,869 [1] DEBUG Server [(null)] - 151
05-24 11:32:50,891 [1] DEBUG Server [(null)] - 152
05-24 11:32:50,910 [1] DEBUG Server [(null)] - 153
05-24 11:32:50,931 [1] DEBUG Server [(null)] - 154
05-24 11:32:50,950 [1] DEBUG Server [(null)] - 155
05-24 11:32:50,974 [1] DEBUG Server [(null)] - 156
05-24 11:32:50,994 [1] DEBUG Server [(null)] - 157
05-24 11:32:51,014 [1] DEBUG Server [(null)] - 158
05-24 11:32:51,034 [1] DEBUG Server [(null)] - 159
05-24 11:32:51,054 [1] DEBUG Server [(null)] - 160
05-24 11:32:51,081 [1] DEBUG Server [(null)] - 161
05-24 11:32:51,100 [1] DEBUG Server [(null)] - 162
05-24 11:32:51,120 [1] DEBUG Server [(null)] - 163
05-24 11:32:51,140 [1] DEBUG Server [(null)] - 164
05-24 11:32:51,160 [1] DEBUG Server [(null)] - 165
05-24 11:32:51,184 [1] DEBUG Server [(null)] - 166
05-24 11:32:51,204 [1] DEBUG Server [(null)] - 167
05-24 11:32:51,224 [1] DEBUG Server [(null)] - 168
05-24 11:32:51,244 [1] DEBUG Server [(null)] - 169
05-24 11:32:51,265 [1] DEBUG Server [(null)] - 170
05-24 11:32:51,288 [1] DEBUG Server [(null)] - 171
05-24 11:32:51,308 [1] DEBUG Server [(null)] - 172
05-24 11:32:51,330 [1] DEBUG Server [(null)] - 173
05-24 11:32:51,348 [1] DEBUG Server [(null)] - 174
05-24 11:32:51,369 [1] DEBUG Server [(null)] - 175
05-24 11:32:51,396 [1] DEBUG Server [(null)] - 176
05-24 11:32:51,416 [1] DEBUG Server [(null)] - 177
05-24 11:32:51,436 [1] DEBUG Server [(null)] - 178
05-24 11:32:51,456 [1] DEBUG Server [(null)] - 179
05-24 11:32:51,475 [1] DEBUG Server [(null)] - 180
05-24 11:32:51,503 [1] DEBUG Server [(null)] - 181
05-24 11:32:51,524 [1] DEBUG Server [(null)] - 182
05-24 11:32:51,542 [1] DEBUG Server [(null)] - 183
05-24 11:32:51,563 [1] DEBUG Server [(null)] - 184
05-24 11:32:51,583 [1] DEBUG Server [(null)] - 185
05-24 11:32:51,609 [1] DEBUG Server [(null)] - 186
05-24 11:32:51,629 [1] DEBUG Server [(null)] - 187
05-24 11:32:51,649 [1] DEBUG Server [(null)] - 188
05-24 11:32:51,668 [1] DEBUG Server [(null)] - 189
05-24 11:32:51,686 [1] DEBUG Server [(null)] - 190
05-24 11:32:51,688 [1] DEBUG Server [(null)] - 191
05-24 11:32:51,708 [1] DEBUG Server [(null)] - 192
05-24 11:32:51,728 [1] DEBUG Server [(null)] - 193
05-24 11:32:51,739 [1] DEBUG Server [(null)] - 有客户端断开连接了, code:Shutdown, msg:Server stoped
05-24 11:32:51,769 [1] DEBUG Server [(null)] - 194
05-24 11:32:51,770 [1] DEBUG Server [(null)] - 195
05-24 11:39:51,954 [1] DEBUG Server [(null)] - Server started, listening port: 2551
05-24 11:39:52,195 [1] DEBUG Server [(null)] - 有客户端连接了, code:Success, msg:Client connection accepted, remote endpoint: 127.0.0.1:60492
05-24 11:39:52,198 [1] DEBUG Server [(null)] - 创建战场:DbkrKPsD+U27Y3P6fZZEJw==
05-24 11:39:53,354 [1] DEBUG Server [(null)] - 1
05-24 11:39:53,357 [1] DEBUG Server [(null)] - 2
05-24 11:39:53,358 [1] DEBUG Server [(null)] - 3
05-24 11:39:53,358 [1] DEBUG Server [(null)] - 4
05-24 11:39:53,359 [1] DEBUG Server [(null)] - 5
05-24 11:39:53,360 [1] DEBUG Server [(null)] - 6
05-24 11:39:53,360 [1] DEBUG Server [(null)] - 7
05-24 11:39:53,361 [1] DEBUG Server [(null)] - 8
05-24 11:39:53,361 [1] DEBUG Server [(null)] - 9
05-24 11:39:53,361 [1] DEBUG Server [(null)] - 10
05-24 11:39:53,361 [1] DEBUG Server [(null)] - 11
05-24 11:39:53,361 [1] DEBUG Server [(null)] - 12
05-24 11:39:53,362 [1] DEBUG Server [(null)] - 13
05-24 11:39:53,362 [1] DEBUG Server [(null)] - 14
05-24 11:39:53,362 [1] DEBUG Server [(null)] - 15
05-24 11:39:53,362 [1] DEBUG Server [(null)] - 16
05-24 11:39:53,362 [1] DEBUG Server [(null)] - 17
05-24 11:39:53,362 [1] DEBUG Server [(null)] - 18
05-24 11:39:53,362 [1] DEBUG Server [(null)] - 19
05-24 11:39:53,362 [1] DEBUG Server [(null)] - 20
05-24 11:39:53,363 [1] DEBUG Server [(null)] - 21
05-24 11:39:53,363 [1] DEBUG Server [(null)] - 22
05-24 11:39:53,363 [1] DEBUG Server [(null)] - 23
05-24 11:39:53,363 [1] DEBUG Server [(null)] - 24
05-24 11:39:53,363 [1] DEBUG Server [(null)] - 25
05-24 11:39:53,363 [1] DEBUG Server [(null)] - 26
05-24 11:39:53,364 [1] DEBUG Server [(null)] - 27
05-24 11:39:53,365 [1] DEBUG Server [(null)] - 28
05-24 11:39:53,366 [1] DEBUG Server [(null)] - 29
05-24 11:39:53,368 [1] DEBUG Server [(null)] - 30
05-24 11:39:53,369 [1] DEBUG Server [(null)] - 31
05-24 11:39:53,369 [1] DEBUG Server [(null)] - 32
05-24 11:39:53,370 [1] DEBUG Server [(null)] - 33
05-24 11:39:53,371 [1] DEBUG Server [(null)] - 34
05-24 11:39:53,371 [1] DEBUG Server [(null)] - 35
05-24 11:39:53,372 [1] DEBUG Server [(null)] - 36
05-24 11:39:53,373 [1] DEBUG Server [(null)] - 37
05-24 11:39:53,374 [1] DEBUG Server [(null)] - 38
05-24 11:39:53,375 [1] DEBUG Server [(null)] - 39
05-24 11:39:53,375 [1] DEBUG Server [(null)] - 40
05-24 11:39:53,381 [1] DEBUG Server [(null)] - 41
05-24 11:39:53,382 [1] DEBUG Server [(null)] - 42
05-24 11:39:53,383 [1] DEBUG Server [(null)] - 43
05-24 11:39:53,387 [1] DEBUG Server [(null)] - 44
05-24 11:39:53,389 [1] DEBUG Server [(null)] - 45
05-24 11:39:53,389 [1] DEBUG Server [(null)] - 46
05-24 11:39:53,390 [1] DEBUG Server [(null)] - 47
05-24 11:39:53,391 [1] DEBUG Server [(null)] - 48
05-24 11:39:53,391 [1] DEBUG Server [(null)] - 49
05-24 11:39:53,392 [1] DEBUG Server [(null)] - 50
05-24 11:39:53,393 [1] DEBUG Server [(null)] - 51
05-24 11:39:53,394 [1] DEBUG Server [(null)] - 52
05-24 11:39:53,395 [1] DEBUG Server [(null)] - 53
05-24 11:39:53,396 [1] DEBUG Server [(null)] - 54
05-24 11:39:53,399 [1] DEBUG Server [(null)] - 55
05-24 11:39:53,400 [1] DEBUG Server [(null)] - 56
05-24 11:39:53,401 [1] DEBUG Server [(null)] - 57
05-24 11:39:53,402 [1] DEBUG Server [(null)] - 58
05-24 11:39:53,403 [1] DEBUG Server [(null)] - 59
05-24 11:39:53,404 [1] DEBUG Server [(null)] - 60
05-24 11:39:53,449 [1] DEBUG Server [(null)] - 61
05-24 11:39:53,451 [1] DEBUG Server [(null)] - 62
05-24 11:39:53,452 [1] DEBUG Server [(null)] - 63
05-24 11:39:53,453 [1] DEBUG Server [(null)] - 64
05-24 11:39:53,454 [1] DEBUG Server [(null)] - 65
05-24 11:39:53,553 [1] DEBUG Server [(null)] - 66
05-24 11:39:53,555 [1] DEBUG Server [(null)] - 67
05-24 11:39:53,556 [1] DEBUG Server [(null)] - 68
05-24 11:39:53,557 [1] DEBUG Server [(null)] - 69
05-24 11:39:53,558 [1] DEBUG Server [(null)] - 70
05-24 11:39:53,648 [1] DEBUG Server [(null)] - 71
05-24 11:39:53,654 [1] DEBUG Server [(null)] - 72
05-24 11:39:53,657 [1] DEBUG Server [(null)] - 73
05-24 11:39:53,659 [1] DEBUG Server [(null)] - 74
05-24 11:39:53,664 [1] DEBUG Server [(null)] - 75
05-24 11:39:53,753 [1] DEBUG Server [(null)] - 76
05-24 11:39:53,754 [1] DEBUG Server [(null)] - 77
05-24 11:39:53,755 [1] DEBUG Server [(null)] - 78
05-24 11:39:53,756 [1] DEBUG Server [(null)] - 79
05-24 11:39:53,757 [1] DEBUG Server [(null)] - 80
05-24 11:39:53,857 [1] DEBUG Server [(null)] - 81
05-24 11:39:53,860 [1] DEBUG Server [(null)] - 82
05-24 11:39:53,862 [1] DEBUG Server [(null)] - 83
05-24 11:39:53,865 [1] DEBUG Server [(null)] - 84
05-24 11:39:53,867 [1] DEBUG Server [(null)] - 85
05-24 11:39:53,962 [1] DEBUG Server [(null)] - 86
05-24 11:39:53,964 [1] DEBUG Server [(null)] - 87
05-24 11:39:53,964 [1] DEBUG Server [(null)] - 88
05-24 11:39:53,966 [1] DEBUG Server [(null)] - 89
05-24 11:39:53,967 [1] DEBUG Server [(null)] - 90
05-24 11:39:54,067 [1] DEBUG Server [(null)] - 91
05-24 11:39:54,070 [1] DEBUG Server [(null)] - 92
05-24 11:39:54,070 [1] DEBUG Server [(null)] - 93
05-24 11:39:54,072 [1] DEBUG Server [(null)] - 94
05-24 11:39:54,073 [1] DEBUG Server [(null)] - 95
05-24 11:39:54,184 [1] DEBUG Server [(null)] - 96
05-24 11:39:54,186 [1] DEBUG Server [(null)] - 97
05-24 11:39:54,187 [1] DEBUG Server [(null)] - 98
05-24 11:39:54,188 [1] DEBUG Server [(null)] - 99
05-24 11:39:54,188 [1] DEBUG Server [(null)] - 100
05-24 11:39:54,279 [1] DEBUG Server [(null)] - 101
05-24 11:39:54,284 [1] DEBUG Server [(null)] - 102
05-24 11:39:54,286 [1] DEBUG Server [(null)] - 103
05-24 11:39:54,288 [1] DEBUG Server [(null)] - 104
05-24 11:39:54,289 [1] DEBUG Server [(null)] - 105
05-24 11:39:54,382 [1] DEBUG Server [(null)] - 106
05-24 11:39:54,384 [1] DEBUG Server [(null)] - 107
05-24 11:39:54,386 [1] DEBUG Server [(null)] - 108
05-24 11:39:54,387 [1] DEBUG Server [(null)] - 109
05-24 11:39:54,388 [1] DEBUG Server [(null)] - 110
05-24 11:39:54,487 [1] DEBUG Server [(null)] - 111
05-24 11:39:54,499 [1] DEBUG Server [(null)] - 112
05-24 11:39:54,502 [1] DEBUG Server [(null)] - 113
05-24 11:39:54,506 [1] DEBUG Server [(null)] - 114
05-24 11:39:54,511 [1] DEBUG Server [(null)] - 115
05-24 11:39:54,608 [1] DEBUG Server [(null)] - 116
05-24 11:39:54,627 [1] DEBUG Server [(null)] - 117
05-24 11:39:54,647 [1] DEBUG Server [(null)] - 118
05-24 11:39:54,667 [1] DEBUG Server [(null)] - 119
05-24 11:39:54,687 [1] DEBUG Server [(null)] - 120
05-24 11:39:54,715 [1] DEBUG Server [(null)] - 121
05-24 11:39:54,736 [1] DEBUG Server [(null)] - 122
05-24 11:39:54,755 [1] DEBUG Server [(null)] - 123
05-24 11:39:54,776 [1] DEBUG Server [(null)] - 124
05-24 11:39:54,796 [1] DEBUG Server [(null)] - 125
05-24 11:39:54,821 [1] DEBUG Server [(null)] - 126
05-24 11:39:54,840 [1] DEBUG Server [(null)] - 127
05-24 11:39:54,860 [1] DEBUG Server [(null)] - 128
05-24 11:39:54,880 [1] DEBUG Server [(null)] - 129
05-24 11:39:54,900 [1] DEBUG Server [(null)] - 130
05-24 11:39:54,923 [1] DEBUG Server [(null)] - 131
05-24 11:39:54,944 [1] DEBUG Server [(null)] - 132
05-24 11:39:54,964 [1] DEBUG Server [(null)] - 133
05-24 11:39:54,984 [1] DEBUG Server [(null)] - 134
05-24 11:39:55,004 [1] DEBUG Server [(null)] - 135
05-24 11:39:55,027 [1] DEBUG Server [(null)] - 136
05-24 11:39:55,048 [1] DEBUG Server [(null)] - 137
05-24 11:39:55,067 [1] DEBUG Server [(null)] - 138
05-24 11:39:55,086 [1] DEBUG Server [(null)] - 139
05-24 11:39:55,108 [1] DEBUG Server [(null)] - 140
05-24 11:39:55,130 [1] DEBUG Server [(null)] - 141
05-24 11:39:55,150 [1] DEBUG Server [(null)] - 142
05-24 11:39:55,170 [1] DEBUG Server [(null)] - 143
05-24 11:39:55,190 [1] DEBUG Server [(null)] - 144
05-24 11:39:55,210 [1] DEBUG Server [(null)] - 145
05-24 11:39:55,235 [1] DEBUG Server [(null)] - 146
05-24 11:39:55,254 [1] DEBUG Server [(null)] - 147
05-24 11:39:55,274 [1] DEBUG Server [(null)] - 148
05-24 11:39:55,294 [1] DEBUG Server [(null)] - 149
05-24 11:39:55,314 [1] DEBUG Server [(null)] - 150
05-24 11:39:55,339 [1] DEBUG Server [(null)] - 151
05-24 11:39:55,359 [1] DEBUG Server [(null)] - 152
05-24 11:39:55,379 [1] DEBUG Server [(null)] - 153
05-24 11:39:55,399 [1] DEBUG Server [(null)] - 154
05-24 11:39:55,420 [1] DEBUG Server [(null)] - 155
05-24 11:39:55,442 [1] DEBUG Server [(null)] - 156
05-24 11:39:55,462 [1] DEBUG Server [(null)] - 157
05-24 11:39:55,482 [1] DEBUG Server [(null)] - 158
05-24 11:39:55,503 [1] DEBUG Server [(null)] - 159
05-24 11:39:55,520 [1] DEBUG Server [(null)] - 160
05-24 11:39:55,522 [1] DEBUG Server [(null)] - 161
05-24 11:39:55,542 [1] DEBUG Server [(null)] - 162
05-24 11:39:55,562 [1] DEBUG Server [(null)] - 163
05-24 11:39:55,582 [1] DEBUG Server [(null)] - 164
05-24 11:39:55,603 [1] DEBUG Server [(null)] - 165
05-24 11:39:55,640 [1] DEBUG Server [(null)] - 166
05-24 11:39:55,661 [1] DEBUG Server [(null)] - 167
05-24 11:39:55,680 [1] DEBUG Server [(null)] - 168
05-24 11:39:55,700 [1] DEBUG Server [(null)] - 169
05-24 11:39:55,720 [1] DEBUG Server [(null)] - 170
05-24 11:39:55,745 [1] DEBUG Server [(null)] - 171
05-24 11:39:55,764 [1] DEBUG Server [(null)] - 172
05-24 11:39:55,785 [1] DEBUG Server [(null)] - 173
05-24 11:39:55,804 [1] DEBUG Server [(null)] - 174
05-24 11:39:55,824 [1] DEBUG Server [(null)] - 175
05-24 11:39:55,848 [1] DEBUG Server [(null)] - 176
05-24 11:39:55,868 [1] DEBUG Server [(null)] - 177
05-24 11:39:55,888 [1] DEBUG Server [(null)] - 178
05-24 11:39:55,909 [1] DEBUG Server [(null)] - 179
05-24 11:39:55,929 [1] DEBUG Server [(null)] - 180
05-24 11:39:55,955 [1] DEBUG Server [(null)] - 181
05-24 11:39:55,976 [1] DEBUG Server [(null)] - 182
05-24 11:39:55,995 [1] DEBUG Server [(null)] - 183
05-24 11:39:56,016 [1] DEBUG Server [(null)] - 184
05-24 11:39:56,035 [1] DEBUG Server [(null)] - 185
05-24 11:39:56,062 [1] DEBUG Server [(null)] - 186
05-24 11:39:56,081 [1] DEBUG Server [(null)] - 187
05-24 11:39:56,101 [1] DEBUG Server [(null)] - 188
05-24 11:39:56,121 [1] DEBUG Server [(null)] - 189
05-24 11:39:56,141 [1] DEBUG Server [(null)] - 190
05-24 11:39:56,165 [1] DEBUG Server [(null)] - 191
05-24 11:39:56,185 [1] DEBUG Server [(null)] - 192
05-24 11:39:56,205 [1] DEBUG Server [(null)] - 193
05-24 11:39:56,226 [1] DEBUG Server [(null)] - 194
05-24 11:39:56,245 [1] DEBUG Server [(null)] - 195
05-24 11:39:56,271 [1] DEBUG Server [(null)] - 196
05-24 11:39:56,290 [1] DEBUG Server [(null)] - 197
05-24 11:39:56,311 [1] DEBUG Server [(null)] - 198
05-24 11:39:56,331 [1] DEBUG Server [(null)] - 199
05-24 11:39:56,350 [1] DEBUG Server [(null)] - 200
05-24 11:39:56,376 [1] DEBUG Server [(null)] - 201
05-24 11:39:56,395 [1] DEBUG Server [(null)] - 202
05-24 11:39:56,416 [1] DEBUG Server [(null)] - 203
05-24 11:39:56,437 [1] DEBUG Server [(null)] - 204
05-24 11:39:56,456 [1] DEBUG Server [(null)] - 205
05-24 11:39:56,480 [1] DEBUG Server [(null)] - 206
05-24 11:39:56,499 [1] DEBUG Server [(null)] - 207
05-24 11:39:56,518 [1] DEBUG Server [(null)] - 208
05-24 11:39:56,539 [1] DEBUG Server [(null)] - 209
05-24 11:39:56,559 [1] DEBUG Server [(null)] - 210
05-24 11:39:56,583 [1] DEBUG Server [(null)] - 211
05-24 11:39:56,603 [1] DEBUG Server [(null)] - 212
05-24 11:39:56,624 [1] DEBUG Server [(null)] - 213
05-24 11:39:56,643 [1] DEBUG Server [(null)] - 214
05-24 11:39:56,663 [1] DEBUG Server [(null)] - 215
05-24 11:39:56,684 [1] DEBUG Server [(null)] - 216
05-24 11:39:56,704 [1] DEBUG Server [(null)] - 217
05-24 11:39:56,724 [1] DEBUG Server [(null)] - 218
05-24 11:39:56,744 [1] DEBUG Server [(null)] - 219
05-24 11:39:56,764 [1] DEBUG Server [(null)] - 220
05-24 11:39:56,790 [1] DEBUG Server [(null)] - 221
05-24 11:39:56,810 [1] DEBUG Server [(null)] - 222
05-24 11:39:56,830 [1] DEBUG Server [(null)] - 223
05-24 11:39:56,850 [1] DEBUG Server [(null)] - 224
05-24 11:39:56,870 [1] DEBUG Server [(null)] - 225
05-24 11:39:56,894 [1] DEBUG Server [(null)] - 226
05-24 11:39:56,914 [1] DEBUG Server [(null)] - 227
05-24 11:39:56,932 [1] DEBUG Server [(null)] - 228
05-24 11:39:56,953 [1] DEBUG Server [(null)] - 229
05-24 11:39:56,973 [1] DEBUG Server [(null)] - 230
05-24 11:39:56,999 [1] DEBUG Server [(null)] - 231
05-24 11:39:57,019 [1] DEBUG Server [(null)] - 232
05-24 11:39:57,039 [1] DEBUG Server [(null)] - 233
05-24 11:39:57,059 [1] DEBUG Server [(null)] - 234
05-24 11:39:57,079 [1] DEBUG Server [(null)] - 235
05-24 11:39:57,104 [1] DEBUG Server [(null)] - 236
05-24 11:39:57,123 [1] DEBUG Server [(null)] - 237
05-24 11:39:57,143 [1] DEBUG Server [(null)] - 238
05-24 11:39:57,163 [1] DEBUG Server [(null)] - 239
05-24 11:39:57,182 [1] DEBUG Server [(null)] - 240
05-24 11:39:57,203 [1] DEBUG Server [(null)] - 241
05-24 11:39:57,223 [1] DEBUG Server [(null)] - 242
05-24 11:39:57,243 [1] DEBUG Server [(null)] - 243
05-24 11:39:57,264 [1] DEBUG Server [(null)] - 244
05-24 11:39:57,283 [1] DEBUG Server [(null)] - 245
05-24 11:39:57,312 [1] DEBUG Server [(null)] - 246
05-24 11:39:57,332 [1] DEBUG Server [(null)] - 247
05-24 11:39:57,353 [1] DEBUG Server [(null)] - 248
05-24 11:39:57,373 [1] DEBUG Server [(null)] - 249
05-24 11:39:57,391 [1] DEBUG Server [(null)] - 250
05-24 11:39:57,417 [1] DEBUG Server [(null)] - 251
05-24 11:39:57,437 [1] DEBUG Server [(null)] - 252
05-24 11:39:57,456 [1] DEBUG Server [(null)] - 253
05-24 11:39:57,477 [1] DEBUG Server [(null)] - 254
05-24 11:39:57,498 [1] DEBUG Server [(null)] - 255
05-24 11:39:57,518 [1] DEBUG Server [(null)] - 256
05-24 11:39:57,537 [1] DEBUG Server [(null)] - 257
05-24 11:39:57,557 [1] DEBUG Server [(null)] - 258
05-24 11:39:57,578 [1] DEBUG Server [(null)] - 259
05-24 11:39:57,597 [1] DEBUG Server [(null)] - 260
05-24 11:39:57,628 [1] DEBUG Server [(null)] - 261
05-24 11:39:57,647 [1] DEBUG Server [(null)] - 262
05-24 11:39:57,667 [1] DEBUG Server [(null)] - 263
05-24 11:39:57,687 [1] DEBUG Server [(null)] - 264
05-24 11:39:57,707 [1] DEBUG Server [(null)] - 265
05-24 11:39:57,730 [1] DEBUG Server [(null)] - 266
05-24 11:39:57,751 [1] DEBUG Server [(null)] - 267
05-24 11:39:57,770 [1] DEBUG Server [(null)] - 268
05-24 11:39:57,790 [1] DEBUG Server [(null)] - 269
05-24 11:39:57,810 [1] DEBUG Server [(null)] - 270
05-24 11:39:57,834 [1] DEBUG Server [(null)] - 271
05-24 11:39:57,856 [1] DEBUG Server [(null)] - 272
05-24 11:39:57,875 [1] DEBUG Server [(null)] - 273
05-24 11:39:57,895 [1] DEBUG Server [(null)] - 274
05-24 11:39:57,909 [1] DEBUG Server [(null)] - 275
05-24 11:39:57,917 [1] DEBUG Server [(null)] - 276
05-24 11:39:57,935 [1] DEBUG Server [(null)] - 277
05-24 11:39:57,956 [1] DEBUG Server [(null)] - 278
05-24 11:39:57,976 [1] DEBUG Server [(null)] - 279
05-24 11:39:57,995 [1] DEBUG Server [(null)] - 280
05-24 11:39:58,034 [1] DEBUG Server [(null)] - 281
05-24 11:39:58,055 [1] DEBUG Server [(null)] - 282
05-24 11:39:58,075 [1] DEBUG Server [(null)] - 283
05-24 11:39:58,095 [1] DEBUG Server [(null)] - 284
05-24 11:39:58,114 [1] DEBUG Server [(null)] - 285
05-24 11:39:58,135 [1] DEBUG Server [(null)] - 286
05-24 11:39:58,154 [1] DEBUG Server [(null)] - 287
05-24 11:39:58,175 [1] DEBUG Server [(null)] - 288
05-24 11:39:58,194 [1] DEBUG Server [(null)] - 289
05-24 11:39:58,214 [1] DEBUG Server [(null)] - 290
05-24 11:39:58,247 [1] DEBUG Server [(null)] - 291
05-24 11:39:58,265 [1] DEBUG Server [(null)] - 292
05-24 11:39:58,286 [1] DEBUG Server [(null)] - 293
05-24 11:39:58,306 [1] DEBUG Server [(null)] - 294
05-24 11:39:58,326 [1] DEBUG Server [(null)] - 295
05-24 11:39:58,351 [1] DEBUG Server [(null)] - 296
05-24 11:39:58,370 [1] DEBUG Server [(null)] - 297
05-24 11:39:58,390 [1] DEBUG Server [(null)] - 298
05-24 11:39:58,410 [1] DEBUG Server [(null)] - 299
05-24 11:39:58,431 [1] DEBUG Server [(null)] - 300
05-24 11:39:58,450 [1] DEBUG Server [(null)] - 301
05-24 11:39:58,471 [1] DEBUG Server [(null)] - 302
05-24 11:39:58,490 [1] DEBUG Server [(null)] - 303
05-24 11:39:58,511 [1] DEBUG Server [(null)] - 304
05-24 11:39:58,530 [1] DEBUG Server [(null)] - 305
05-24 11:39:58,559 [1] DEBUG Server [(null)] - 306
05-24 11:39:58,578 [1] DEBUG Server [(null)] - 307
05-24 11:39:58,600 [1] DEBUG Server [(null)] - 308
05-24 11:39:58,619 [1] DEBUG Server [(null)] - 309
05-24 11:39:58,638 [1] DEBUG Server [(null)] - 310
05-24 11:39:58,664 [1] DEBUG Server [(null)] - 311
05-24 11:39:58,684 [1] DEBUG Server [(null)] - 312
05-24 11:39:58,704 [1] DEBUG Server [(null)] - 313
05-24 11:39:58,724 [1] DEBUG Server [(null)] - 314
05-24 11:39:58,743 [1] DEBUG Server [(null)] - 315
05-24 11:39:58,770 [1] DEBUG Server [(null)] - 316
05-24 11:39:58,789 [1] DEBUG Server [(null)] - 317
05-24 11:39:58,809 [1] DEBUG Server [(null)] - 318
05-24 11:39:58,829 [1] DEBUG Server [(null)] - 319
05-24 11:39:58,849 [1] DEBUG Server [(null)] - 320
05-24 11:39:58,869 [1] DEBUG Server [(null)] - 321
05-24 11:39:58,889 [1] DEBUG Server [(null)] - 322
05-24 11:39:58,910 [1] DEBUG Server [(null)] - 323
05-24 11:39:58,930 [1] DEBUG Server [(null)] - 324
05-24 11:39:58,949 [1] DEBUG Server [(null)] - 325
05-24 11:39:58,979 [1] DEBUG Server [(null)] - 326
05-24 11:39:58,999 [1] DEBUG Server [(null)] - 327
05-24 11:39:59,019 [1] DEBUG Server [(null)] - 328
05-24 11:39:59,040 [1] DEBUG Server [(null)] - 329
05-24 11:39:59,058 [1] DEBUG Server [(null)] - 330
05-24 11:39:59,085 [1] DEBUG Server [(null)] - 331
05-24 11:39:59,105 [1] DEBUG Server [(null)] - 332
05-24 11:39:59,125 [1] DEBUG Server [(null)] - 333
05-24 11:39:59,146 [1] DEBUG Server [(null)] - 334
05-24 11:39:59,165 [1] DEBUG Server [(null)] - 335
05-24 11:39:59,191 [1] DEBUG Server [(null)] - 336
05-24 11:39:59,212 [1] DEBUG Server [(null)] - 337
05-24 11:39:59,231 [1] DEBUG Server [(null)] - 338
05-24 11:39:59,251 [1] DEBUG Server [(null)] - 339
05-24 11:39:59,272 [1] DEBUG Server [(null)] - 340
05-24 11:39:59,292 [1] DEBUG Server [(null)] - 341
05-24 11:39:59,311 [1] DEBUG Server [(null)] - 342
05-24 11:39:59,331 [1] DEBUG Server [(null)] - 343
05-24 11:39:59,350 [1] DEBUG Server [(null)] - 344
05-24 11:39:59,372 [1] DEBUG Server [(null)] - 345
05-24 11:39:59,399 [1] DEBUG Server [(null)] - 346
05-24 11:39:59,419 [1] DEBUG Server [(null)] - 347
05-24 11:39:59,438 [1] DEBUG Server [(null)] - 348
05-24 11:39:59,458 [1] DEBUG Server [(null)] - 349
05-24 11:39:59,478 [1] DEBUG Server [(null)] - 350
05-24 11:39:59,504 [1] DEBUG Server [(null)] - 351
05-24 11:39:59,524 [1] DEBUG Server [(null)] - 352
05-24 11:39:59,545 [1] DEBUG Server [(null)] - 353
05-24 11:39:59,564 [1] DEBUG Server [(null)] - 354
05-24 11:39:59,579 [1] DEBUG Server [(null)] - 355
05-24 11:39:59,584 [1] DEBUG Server [(null)] - 356
05-24 11:39:59,604 [1] DEBUG Server [(null)] - 357
05-24 11:39:59,624 [1] DEBUG Server [(null)] - 358
05-24 11:39:59,644 [1] DEBUG Server [(null)] - 359
05-24 11:39:59,663 [1] DEBUG Server [(null)] - 360
05-24 11:39:59,701 [1] DEBUG Server [(null)] - 361
05-24 11:39:59,720 [1] DEBUG Server [(null)] - 362
05-24 11:39:59,741 [1] DEBUG Server [(null)] - 363
05-24 11:39:59,760 [1] DEBUG Server [(null)] - 364
05-24 11:39:59,780 [1] DEBUG Server [(null)] - 365
05-24 11:39:59,805 [1] DEBUG Server [(null)] - 366
05-24 11:39:59,825 [1] DEBUG Server [(null)] - 367
05-24 11:39:59,845 [1] DEBUG Server [(null)] - 368
05-24 11:39:59,866 [1] DEBUG Server [(null)] - 369
05-24 11:39:59,885 [1] DEBUG Server [(null)] - 370
05-24 11:39:59,908 [1] DEBUG Server [(null)] - 371
05-24 11:39:59,928 [1] DEBUG Server [(null)] - 372
05-24 11:39:59,948 [1] DEBUG Server [(null)] - 373
05-24 11:39:59,968 [1] DEBUG Server [(null)] - 374
05-24 11:39:59,988 [1] DEBUG Server [(null)] - 375
05-24 11:40:00,013 [1] DEBUG Server [(null)] - 376
05-24 11:40:00,033 [1] DEBUG Server [(null)] - 377
05-24 11:40:00,053 [1] DEBUG Server [(null)] - 378
05-24 11:40:00,073 [1] DEBUG Server [(null)] - 379
05-24 11:40:00,093 [1] DEBUG Server [(null)] - 380
05-24 11:40:00,118 [1] DEBUG Server [(null)] - 381
05-24 11:40:00,137 [1] DEBUG Server [(null)] - 382
05-24 11:40:00,157 [1] DEBUG Server [(null)] - 383
05-24 11:40:00,177 [1] DEBUG Server [(null)] - 384
05-24 11:40:00,197 [1] DEBUG Server [(null)] - 385
05-24 11:40:00,218 [1] DEBUG Server [(null)] - 386
05-24 11:40:00,237 [1] DEBUG Server [(null)] - 387
05-24 11:40:00,257 [1] DEBUG Server [(null)] - 388
05-24 11:40:00,277 [1] DEBUG Server [(null)] - 389
05-24 11:40:00,297 [1] DEBUG Server [(null)] - 390
05-24 11:40:00,325 [1] DEBUG Server [(null)] - 391
05-24 11:40:00,343 [1] DEBUG Server [(null)] - 392
05-24 11:40:00,365 [1] DEBUG Server [(null)] - 393
05-24 11:40:00,388 [1] DEBUG Server [(null)] - 394
05-24 11:40:00,404 [1] DEBUG Server [(null)] - 395
05-24 11:40:00,430 [1] DEBUG Server [(null)] - 396
05-24 11:40:00,451 [1] DEBUG Server [(null)] - 397
05-24 11:40:00,470 [1] DEBUG Server [(null)] - 398
05-24 11:40:00,490 [1] DEBUG Server [(null)] - 399
05-24 11:40:00,510 [1] DEBUG Server [(null)] - 400
05-24 11:40:00,534 [1] DEBUG Server [(null)] - 401
05-24 11:40:00,554 [1] DEBUG Server [(null)] - 402
05-24 11:40:00,574 [1] DEBUG Server [(null)] - 403
05-24 11:40:00,594 [1] DEBUG Server [(null)] - 404
05-24 11:40:00,614 [1] DEBUG Server [(null)] - 405
05-24 11:40:00,641 [1] DEBUG Server [(null)] - 406
05-24 11:40:00,660 [1] DEBUG Server [(null)] - 407
05-24 11:40:00,680 [1] DEBUG Server [(null)] - 408
05-24 11:40:00,700 [1] DEBUG Server [(null)] - 409
05-24 11:40:00,720 [1] DEBUG Server [(null)] - 410
05-24 11:40:00,740 [1] DEBUG Server [(null)] - 411
05-24 11:40:00,760 [1] DEBUG Server [(null)] - 412
05-24 11:40:00,780 [1] DEBUG Server [(null)] - 413
05-24 11:40:00,800 [1] DEBUG Server [(null)] - 414
05-24 11:40:00,820 [1] DEBUG Server [(null)] - 415
05-24 11:40:00,846 [1] DEBUG Server [(null)] - 416
05-24 11:40:00,867 [1] DEBUG Server [(null)] - 417
05-24 11:40:00,887 [1] DEBUG Server [(null)] - 418
05-24 11:40:00,906 [1] DEBUG Server [(null)] - 419
05-24 11:40:00,926 [1] DEBUG Server [(null)] - 420
05-24 11:40:00,951 [1] DEBUG Server [(null)] - 421
05-24 11:40:00,971 [1] DEBUG Server [(null)] - 422
05-24 11:40:00,990 [1] DEBUG Server [(null)] - 423
05-24 11:40:01,010 [1] DEBUG Server [(null)] - 424
05-24 11:40:01,030 [1] DEBUG Server [(null)] - 425
05-24 11:40:01,055 [1] DEBUG Server [(null)] - 426
05-24 11:40:01,075 [1] DEBUG Server [(null)] - 427
05-24 11:40:01,095 [1] DEBUG Server [(null)] - 428
05-24 11:40:01,115 [1] DEBUG Server [(null)] - 429
05-24 11:40:01,136 [1] DEBUG Server [(null)] - 430
05-24 11:40:01,160 [1] DEBUG Server [(null)] - 431
05-24 11:40:01,180 [1] DEBUG Server [(null)] - 432
05-24 11:40:01,200 [1] DEBUG Server [(null)] - 433
05-24 11:40:01,221 [1] DEBUG Server [(null)] - 434
05-24 11:40:01,240 [1] DEBUG Server [(null)] - 435
05-24 11:40:01,265 [1] DEBUG Server [(null)] - 436
05-24 11:40:01,285 [1] DEBUG Server [(null)] - 437
05-24 11:40:01,305 [1] DEBUG Server [(null)] - 438
05-24 11:40:01,326 [1] DEBUG Server [(null)] - 439
05-24 11:40:01,345 [1] DEBUG Server [(null)] - 440
05-24 11:40:01,369 [1] DEBUG Server [(null)] - 441
05-24 11:40:01,390 [1] DEBUG Server [(null)] - 442
05-24 11:40:01,410 [1] DEBUG Server [(null)] - 443
05-24 11:40:01,430 [1] DEBUG Server [(null)] - 444
05-24 11:40:01,450 [1] DEBUG Server [(null)] - 445
05-24 11:40:01,474 [1] DEBUG Server [(null)] - 446
05-24 11:40:01,494 [1] DEBUG Server [(null)] - 447
05-24 11:40:01,515 [1] DEBUG Server [(null)] - 448
05-24 11:40:01,535 [1] DEBUG Server [(null)] - 449
05-24 11:40:01,555 [1] DEBUG Server [(null)] - 450
05-24 11:40:01,578 [1] DEBUG Server [(null)] - 451
05-24 11:40:01,599 [1] DEBUG Server [(null)] - 452
05-24 11:40:01,618 [1] DEBUG Server [(null)] - 453
05-24 11:40:01,639 [1] DEBUG Server [(null)] - 454
05-24 11:40:01,658 [1] DEBUG Server [(null)] - 455
05-24 11:40:01,683 [1] DEBUG Server [(null)] - 456
05-24 11:40:01,702 [1] DEBUG Server [(null)] - 457
05-24 11:40:01,724 [1] DEBUG Server [(null)] - 458
05-24 11:40:01,743 [1] DEBUG Server [(null)] - 459
05-24 11:40:01,764 [1] DEBUG Server [(null)] - 460
05-24 11:40:01,783 [1] DEBUG Server [(null)] - 461
05-24 11:40:01,803 [1] DEBUG Server [(null)] - 462
05-24 11:40:01,823 [1] DEBUG Server [(null)] - 463
05-24 11:40:01,843 [1] DEBUG Server [(null)] - 464
05-24 11:40:01,863 [1] DEBUG Server [(null)] - 465
05-24 11:40:01,891 [1] DEBUG Server [(null)] - 466
05-24 11:40:01,911 [1] DEBUG Server [(null)] - 467
05-24 11:40:01,932 [1] DEBUG Server [(null)] - 468
05-24 11:40:01,952 [1] DEBUG Server [(null)] - 469
05-24 11:40:01,971 [1] DEBUG Server [(null)] - 470
05-24 11:40:01,995 [1] DEBUG Server [(null)] - 471
05-24 11:40:02,016 [1] DEBUG Server [(null)] - 472
05-24 11:40:02,035 [1] DEBUG Server [(null)] - 473
05-24 11:40:02,055 [1] DEBUG Server [(null)] - 474
05-24 11:40:02,075 [1] DEBUG Server [(null)] - 475
05-24 11:40:02,099 [1] DEBUG Server [(null)] - 476
05-24 11:40:02,119 [1] DEBUG Server [(null)] - 477
05-24 11:40:02,139 [1] DEBUG Server [(null)] - 478
05-24 11:40:02,159 [1] DEBUG Server [(null)] - 479
05-24 11:40:02,175 [1] DEBUG Server [(null)] - 480
05-24 11:40:02,179 [1] DEBUG Server [(null)] - 481
05-24 11:40:02,199 [1] DEBUG Server [(null)] - 482
05-24 11:40:02,219 [1] DEBUG Server [(null)] - 483
05-24 11:40:02,240 [1] DEBUG Server [(null)] - 484
05-24 11:40:02,258 [1] DEBUG Server [(null)] - 485
05-24 11:40:02,299 [1] DEBUG Server [(null)] - 486
05-24 11:40:02,318 [1] DEBUG Server [(null)] - 487
05-24 11:40:02,338 [1] DEBUG Server [(null)] - 488
05-24 11:40:02,357 [1] DEBUG Server [(null)] - 489
05-24 11:40:02,379 [1] DEBUG Server [(null)] - 490
05-24 11:40:02,398 [1] DEBUG Server [(null)] - 491
05-24 11:40:02,418 [1] DEBUG Server [(null)] - 492
05-24 11:40:02,439 [1] DEBUG Server [(null)] - 493
05-24 11:40:02,458 [1] DEBUG Server [(null)] - 494
05-24 11:40:02,478 [1] DEBUG Server [(null)] - 495
05-24 11:40:02,506 [1] DEBUG Server [(null)] - 496
05-24 11:40:02,527 [1] DEBUG Server [(null)] - 497
05-24 11:40:02,546 [1] DEBUG Server [(null)] - 498
05-24 11:40:02,566 [1] DEBUG Server [(null)] - 499
05-24 11:40:02,587 [1] DEBUG Server [(null)] - 500
05-24 11:40:02,607 [1] DEBUG Server [(null)] - 501
05-24 11:40:02,627 [1] DEBUG Server [(null)] - 502
05-24 11:40:02,647 [1] DEBUG Server [(null)] - 503
05-24 11:40:02,666 [1] DEBUG Server [(null)] - 504
05-24 11:40:02,686 [1] DEBUG Server [(null)] - 505
05-24 11:40:02,714 [1] DEBUG Server [(null)] - 506
05-24 11:40:02,733 [1] DEBUG Server [(null)] - 507
05-24 11:40:02,753 [1] DEBUG Server [(null)] - 508
05-24 11:40:02,774 [1] DEBUG Server [(null)] - 509
05-24 11:40:02,794 [1] DEBUG Server [(null)] - 510
05-24 11:40:02,818 [1] DEBUG Server [(null)] - 511
05-24 11:40:02,839 [1] DEBUG Server [(null)] - 512
05-24 11:40:02,857 [1] DEBUG Server [(null)] - 513
05-24 11:40:02,876 [1] DEBUG Server [(null)] - 514
05-24 11:40:02,898 [1] DEBUG Server [(null)] - 515
05-24 11:40:02,923 [1] DEBUG Server [(null)] - 516
05-24 11:40:02,943 [1] DEBUG Server [(null)] - 517
05-24 11:40:02,962 [1] DEBUG Server [(null)] - 518
05-24 11:40:02,981 [1] DEBUG Server [(null)] - 519
05-24 11:40:03,002 [1] DEBUG Server [(null)] - 520
05-24 11:40:03,027 [1] DEBUG Server [(null)] - 521
05-24 11:40:03,047 [1] DEBUG Server [(null)] - 522
05-24 11:40:03,067 [1] DEBUG Server [(null)] - 523
05-24 11:40:03,087 [1] DEBUG Server [(null)] - 524
05-24 11:40:03,107 [1] DEBUG Server [(null)] - 525
05-24 11:40:03,133 [1] DEBUG Server [(null)] - 526
05-24 11:40:03,154 [1] DEBUG Server [(null)] - 527
05-24 11:40:03,172 [1] DEBUG Server [(null)] - 528
05-24 11:40:03,194 [1] DEBUG Server [(null)] - 529
05-24 11:40:03,214 [1] DEBUG Server [(null)] - 530
05-24 11:40:03,234 [1] DEBUG Server [(null)] - 531
05-24 11:40:03,254 [1] DEBUG Server [(null)] - 532
05-24 11:40:03,273 [1] DEBUG Server [(null)] - 533
05-24 11:40:03,293 [1] DEBUG Server [(null)] - 534
05-24 11:40:03,313 [1] DEBUG Server [(null)] - 535
05-24 11:40:03,342 [1] DEBUG Server [(null)] - 536
05-24 11:40:03,363 [1] DEBUG Server [(null)] - 537
05-24 11:40:03,382 [1] DEBUG Server [(null)] - 538
05-24 11:40:03,402 [1] DEBUG Server [(null)] - 539
05-24 11:40:03,423 [1] DEBUG Server [(null)] - 540
05-24 11:40:03,442 [1] DEBUG Server [(null)] - 541
05-24 11:40:03,462 [1] DEBUG Server [(null)] - 542
05-24 11:40:03,483 [1] DEBUG Server [(null)] - 543
05-24 11:40:03,502 [1] DEBUG Server [(null)] - 544
05-24 11:40:03,522 [1] DEBUG Server [(null)] - 545
05-24 11:40:03,549 [1] DEBUG Server [(null)] - 546
05-24 11:40:03,569 [1] DEBUG Server [(null)] - 547
05-24 11:40:03,590 [1] DEBUG Server [(null)] - 548
05-24 11:40:03,609 [1] DEBUG Server [(null)] - 549
05-24 11:40:03,629 [1] DEBUG Server [(null)] - 550
05-24 11:40:03,654 [1] DEBUG Server [(null)] - 551
05-24 11:40:03,675 [1] DEBUG Server [(null)] - 552
05-24 11:40:03,695 [1] DEBUG Server [(null)] - 553
05-24 11:40:03,714 [1] DEBUG Server [(null)] - 554
05-24 11:40:03,734 [1] DEBUG Server [(null)] - 555
05-24 11:40:03,758 [1] DEBUG Server [(null)] - 556
05-24 11:40:03,779 [1] DEBUG Server [(null)] - 557
05-24 11:40:03,799 [1] DEBUG Server [(null)] - 558
05-24 11:40:03,819 [1] DEBUG Server [(null)] - 559
05-24 11:40:03,838 [1] DEBUG Server [(null)] - 560
05-24 11:40:03,862 [1] DEBUG Server [(null)] - 561
05-24 11:40:03,882 [1] DEBUG Server [(null)] - 562
05-24 11:40:03,902 [1] DEBUG Server [(null)] - 563
05-24 11:40:03,924 [1] DEBUG Server [(null)] - 564
05-24 11:40:03,943 [1] DEBUG Server [(null)] - 565
05-24 11:40:03,965 [1] DEBUG Server [(null)] - 566
05-24 11:40:03,986 [1] DEBUG Server [(null)] - 567
05-24 11:40:04,006 [1] DEBUG Server [(null)] - 568
05-24 11:40:04,026 [1] DEBUG Server [(null)] - 569
05-24 11:40:04,046 [1] DEBUG Server [(null)] - 570
05-24 11:40:04,071 [1] DEBUG Server [(null)] - 571
05-24 11:40:04,092 [1] DEBUG Server [(null)] - 572
05-24 11:40:04,112 [1] DEBUG Server [(null)] - 573
05-24 11:40:04,133 [1] DEBUG Server [(null)] - 574
05-24 11:40:04,152 [1] DEBUG Server [(null)] - 575
05-24 11:40:04,181 [1] DEBUG Server [(null)] - 576
05-24 11:40:04,201 [1] DEBUG Server [(null)] - 577
05-24 11:40:04,220 [1] DEBUG Server [(null)] - 578
05-24 11:40:04,240 [1] DEBUG Server [(null)] - 579
05-24 11:40:04,260 [1] DEBUG Server [(null)] - 580
05-24 11:40:04,286 [1] DEBUG Server [(null)] - 581
05-24 11:40:04,306 [1] DEBUG Server [(null)] - 582
05-24 11:40:04,325 [1] DEBUG Server [(null)] - 583
05-24 11:40:04,346 [1] DEBUG Server [(null)] - 584
05-24 11:40:04,366 [1] DEBUG Server [(null)] - 585
05-24 11:40:04,389 [1] DEBUG Server [(null)] - 586
05-24 11:40:04,409 [1] DEBUG Server [(null)] - 587
05-24 11:40:04,429 [1] DEBUG Server [(null)] - 588
05-24 11:40:04,449 [1] DEBUG Server [(null)] - 589
05-24 11:40:04,469 [1] DEBUG Server [(null)] - 590
05-24 11:40:04,494 [1] DEBUG Server [(null)] - 591
05-24 11:40:04,514 [1] DEBUG Server [(null)] - 592
05-24 11:40:04,534 [1] DEBUG Server [(null)] - 593
05-24 11:40:04,555 [1] DEBUG Server [(null)] - 594
05-24 11:40:04,574 [1] DEBUG Server [(null)] - 595
05-24 11:40:04,601 [1] DEBUG Server [(null)] - 596
05-24 11:40:04,620 [1] DEBUG Server [(null)] - 597
05-24 11:40:04,639 [1] DEBUG Server [(null)] - 598
05-24 11:40:04,660 [1] DEBUG Server [(null)] - 599
05-24 11:40:04,680 [1] DEBUG Server [(null)] - 600
05-24 11:40:04,700 [1] DEBUG Server [(null)] - 601
05-24 11:40:04,720 [1] DEBUG Server [(null)] - 602
05-24 11:40:04,741 [1] DEBUG Server [(null)] - 603
05-24 11:40:04,762 [1] DEBUG Server [(null)] - 604
05-24 11:40:04,780 [1] DEBUG Server [(null)] - 605
05-24 11:40:04,782 [1] DEBUG Server [(null)] - 606
05-24 11:40:04,800 [1] DEBUG Server [(null)] - 607
05-24 11:40:04,821 [1] DEBUG Server [(null)] - 608
05-24 11:40:04,841 [1] DEBUG Server [(null)] - 609
05-24 11:40:04,860 [1] DEBUG Server [(null)] - 610
05-24 11:40:04,904 [1] DEBUG Server [(null)] - 611
05-24 11:40:04,924 [1] DEBUG Server [(null)] - 612
05-24 11:40:04,945 [1] DEBUG Server [(null)] - 613
05-24 11:40:04,965 [1] DEBUG Server [(null)] - 614
05-24 11:40:04,985 [1] DEBUG Server [(null)] - 615
05-24 11:40:05,007 [1] DEBUG Server [(null)] - 616
05-24 11:40:05,029 [1] DEBUG Server [(null)] - 617
05-24 11:40:05,049 [1] DEBUG Server [(null)] - 618
05-24 11:40:05,068 [1] DEBUG Server [(null)] - 619
05-24 11:40:05,088 [1] DEBUG Server [(null)] - 620
05-24 11:40:05,115 [1] DEBUG Server [(null)] - 621
05-24 11:40:05,135 [1] DEBUG Server [(null)] - 622
05-24 11:40:05,157 [1] DEBUG Server [(null)] - 623
05-24 11:40:05,175 [1] DEBUG Server [(null)] - 624
05-24 11:40:05,195 [1] DEBUG Server [(null)] - 625
05-24 11:40:05,222 [1] DEBUG Server [(null)] - 626
05-24 11:40:05,242 [1] DEBUG Server [(null)] - 627
05-24 11:40:05,262 [1] DEBUG Server [(null)] - 628
05-24 11:40:05,282 [1] DEBUG Server [(null)] - 629
05-24 11:40:05,301 [1] DEBUG Server [(null)] - 630
05-24 11:40:05,326 [1] DEBUG Server [(null)] - 631
05-24 11:40:05,347 [1] DEBUG Server [(null)] - 632
05-24 11:40:05,366 [1] DEBUG Server [(null)] - 633
05-24 11:40:05,386 [1] DEBUG Server [(null)] - 634
05-24 11:40:05,406 [1] DEBUG Server [(null)] - 635
05-24 11:40:05,429 [1] DEBUG Server [(null)] - 636
05-24 11:40:05,449 [1] DEBUG Server [(null)] - 637
05-24 11:40:05,469 [1] DEBUG Server [(null)] - 638
05-24 11:40:05,490 [1] DEBUG Server [(null)] - 639
05-24 11:40:05,509 [1] DEBUG Server [(null)] - 640
05-24 11:40:05,536 [1] DEBUG Server [(null)] - 641
05-24 11:40:05,556 [1] DEBUG Server [(null)] - 642
05-24 11:40:05,576 [1] DEBUG Server [(null)] - 643
05-24 11:40:05,595 [1] DEBUG Server [(null)] - 644
05-24 11:40:05,610 [1] DEBUG Server [(null)] - 645
05-24 11:40:05,616 [1] DEBUG Server [(null)] - 646
05-24 11:40:05,635 [1] DEBUG Server [(null)] - 647
05-24 11:40:05,655 [1] DEBUG Server [(null)] - 648
05-24 11:40:05,675 [1] DEBUG Server [(null)] - 649
05-24 11:40:05,695 [1] DEBUG Server [(null)] - 650
05-24 11:40:05,735 [1] DEBUG Server [(null)] - 651
05-24 11:40:05,756 [1] DEBUG Server [(null)] - 652
05-24 11:40:05,778 [1] DEBUG Server [(null)] - 653
05-24 11:40:05,795 [1] DEBUG Server [(null)] - 654
05-24 11:40:05,815 [1] DEBUG Server [(null)] - 655
05-24 11:40:05,842 [1] DEBUG Server [(null)] - 656
05-24 11:40:05,862 [1] DEBUG Server [(null)] - 657
05-24 11:40:05,881 [1] DEBUG Server [(null)] - 658
05-24 11:40:05,902 [1] DEBUG Server [(null)] - 659
05-24 11:40:05,922 [1] DEBUG Server [(null)] - 660
05-24 11:40:05,945 [1] DEBUG Server [(null)] - 661
05-24 11:40:05,965 [1] DEBUG Server [(null)] - 662
05-24 11:40:05,985 [1] DEBUG Server [(null)] - 663
05-24 11:40:06,005 [1] DEBUG Server [(null)] - 664
05-24 11:40:06,025 [1] DEBUG Server [(null)] - 665
05-24 11:40:06,051 [1] DEBUG Server [(null)] - 666
05-24 11:40:06,072 [1] DEBUG Server [(null)] - 667
05-24 11:40:06,091 [1] DEBUG Server [(null)] - 668
05-24 11:40:06,110 [1] DEBUG Server [(null)] - 669
05-24 11:40:06,131 [1] DEBUG Server [(null)] - 670
05-24 11:40:06,157 [1] DEBUG Server [(null)] - 671
05-24 11:40:06,177 [1] DEBUG Server [(null)] - 672
05-24 11:40:06,197 [1] DEBUG Server [(null)] - 673
05-24 11:40:06,217 [1] DEBUG Server [(null)] - 674
05-24 11:40:06,237 [1] DEBUG Server [(null)] - 675
05-24 11:40:06,264 [1] DEBUG Server [(null)] - 676
05-24 11:40:06,284 [1] DEBUG Server [(null)] - 677
05-24 11:40:06,303 [1] DEBUG Server [(null)] - 678
05-24 11:40:06,323 [1] DEBUG Server [(null)] - 679
05-24 11:40:06,343 [1] DEBUG Server [(null)] - 680
05-24 11:40:06,366 [1] DEBUG Server [(null)] - 681
05-24 11:40:06,386 [1] DEBUG Server [(null)] - 682
05-24 11:40:06,406 [1] DEBUG Server [(null)] - 683
05-24 11:40:06,427 [1] DEBUG Server [(null)] - 684
05-24 11:40:06,446 [1] DEBUG Server [(null)] - 685
05-24 11:40:06,473 [1] DEBUG Server [(null)] - 686
05-24 11:40:06,494 [1] DEBUG Server [(null)] - 687
05-24 11:40:06,514 [1] DEBUG Server [(null)] - 688
05-24 11:40:06,533 [1] DEBUG Server [(null)] - 689
05-24 11:40:06,554 [1] DEBUG Server [(null)] - 690
05-24 11:40:06,578 [1] DEBUG Server [(null)] - 691
05-24 11:40:06,597 [1] DEBUG Server [(null)] - 692
05-24 11:40:06,617 [1] DEBUG Server [(null)] - 693
05-24 11:40:06,637 [1] DEBUG Server [(null)] - 694
05-24 11:40:06,656 [1] DEBUG Server [(null)] - 695
05-24 11:40:06,684 [1] DEBUG Server [(null)] - 696
05-24 11:40:06,704 [1] DEBUG Server [(null)] - 697
05-24 11:40:06,724 [1] DEBUG Server [(null)] - 698
05-24 11:40:06,744 [1] DEBUG Server [(null)] - 699
05-24 11:40:06,765 [1] DEBUG Server [(null)] - 700
05-24 11:40:06,788 [1] DEBUG Server [(null)] - 701
05-24 11:40:06,809 [1] DEBUG Server [(null)] - 702
05-24 11:40:06,828 [1] DEBUG Server [(null)] - 703
05-24 11:40:06,847 [1] DEBUG Server [(null)] - 704
05-24 11:40:06,864 [1] DEBUG Server [(null)] - 705
05-24 11:40:06,869 [1] DEBUG Server [(null)] - 706
05-24 11:40:06,889 [1] DEBUG Server [(null)] - 707
05-24 11:40:06,909 [1] DEBUG Server [(null)] - 708
05-24 11:40:06,928 [1] DEBUG Server [(null)] - 709
05-24 11:40:06,949 [1] DEBUG Server [(null)] - 710
05-24 11:40:06,988 [1] DEBUG Server [(null)] - 711
05-24 11:40:07,007 [1] DEBUG Server [(null)] - 712
05-24 11:40:07,028 [1] DEBUG Server [(null)] - 713
05-24 11:40:07,047 [1] DEBUG Server [(null)] - 714
05-24 11:40:07,067 [1] DEBUG Server [(null)] - 715
05-24 11:40:07,094 [1] DEBUG Server [(null)] - 716
05-24 11:40:07,115 [1] DEBUG Server [(null)] - 717
05-24 11:40:07,134 [1] DEBUG Server [(null)] - 718
05-24 11:40:07,154 [1] DEBUG Server [(null)] - 719
05-24 11:40:07,174 [1] DEBUG Server [(null)] - 720
05-24 11:40:07,199 [1] DEBUG Server [(null)] - 721
05-24 11:40:07,219 [1] DEBUG Server [(null)] - 722
05-24 11:40:07,240 [1] DEBUG Server [(null)] - 723
05-24 11:40:07,260 [1] DEBUG Server [(null)] - 724
05-24 11:40:07,280 [1] DEBUG Server [(null)] - 725
05-24 11:40:07,299 [1] DEBUG Server [(null)] - 726
05-24 11:40:07,319 [1] DEBUG Server [(null)] - 727
05-24 11:40:07,339 [1] DEBUG Server [(null)] - 728
05-24 11:40:07,359 [1] DEBUG Server [(null)] - 729
05-24 11:40:07,380 [1] DEBUG Server [(null)] - 730
05-24 11:40:07,409 [1] DEBUG Server [(null)] - 731
05-24 11:40:07,429 [1] DEBUG Server [(null)] - 732
05-24 11:40:07,450 [1] DEBUG Server [(null)] - 733
05-24 11:40:07,469 [1] DEBUG Server [(null)] - 734
05-24 11:40:07,489 [1] DEBUG Server [(null)] - 735
05-24 11:40:07,514 [1] DEBUG Server [(null)] - 736
05-24 11:40:07,535 [1] DEBUG Server [(null)] - 737
05-24 11:40:07,555 [1] DEBUG Server [(null)] - 738
05-24 11:40:07,575 [1] DEBUG Server [(null)] - 739
05-24 11:40:07,598 [1] DEBUG Server [(null)] - 740
05-24 11:40:07,616 [1] DEBUG Server [(null)] - 741
05-24 11:40:07,635 [1] DEBUG Server [(null)] - 742
05-24 11:40:07,654 [1] DEBUG Server [(null)] - 743
05-24 11:40:07,677 [1] DEBUG Server [(null)] - 744
05-24 11:40:07,694 [1] DEBUG Server [(null)] - 745
05-24 11:40:07,724 [1] DEBUG Server [(null)] - 746
05-24 11:40:07,743 [1] DEBUG Server [(null)] - 747
05-24 11:40:07,765 [1] DEBUG Server [(null)] - 748
05-24 11:40:07,785 [1] DEBUG Server [(null)] - 749
05-24 11:40:07,804 [1] DEBUG Server [(null)] - 750
05-24 11:40:07,831 [1] DEBUG Server [(null)] - 751
05-24 11:40:07,851 [1] DEBUG Server [(null)] - 752
05-24 11:40:07,870 [1] DEBUG Server [(null)] - 753
05-24 11:40:07,890 [1] DEBUG Server [(null)] - 754
05-24 11:40:07,909 [1] DEBUG Server [(null)] - 755
05-24 11:40:07,913 [1] DEBUG Server [(null)] - 756
05-24 11:40:07,931 [1] DEBUG Server [(null)] - 757
05-24 11:40:07,950 [1] DEBUG Server [(null)] - 758
05-24 11:40:07,970 [1] DEBUG Server [(null)] - 759
05-24 11:40:07,990 [1] DEBUG Server [(null)] - 760
05-24 11:40:08,031 [1] DEBUG Server [(null)] - 761
05-24 11:40:08,052 [1] DEBUG Server [(null)] - 762
05-24 11:40:08,073 [1] DEBUG Server [(null)] - 763
05-24 11:40:08,093 [1] DEBUG Server [(null)] - 764
05-24 11:40:08,112 [1] DEBUG Server [(null)] - 765
05-24 11:40:08,138 [1] DEBUG Server [(null)] - 766
05-24 11:40:08,157 [1] DEBUG Server [(null)] - 767
05-24 11:40:08,177 [1] DEBUG Server [(null)] - 768
05-24 11:40:08,197 [1] DEBUG Server [(null)] - 769
05-24 11:40:08,217 [1] DEBUG Server [(null)] - 770
05-24 11:40:08,242 [1] DEBUG Server [(null)] - 771
05-24 11:40:08,262 [1] DEBUG Server [(null)] - 772
05-24 11:40:08,282 [1] DEBUG Server [(null)] - 773
05-24 11:40:08,301 [1] DEBUG Server [(null)] - 774
05-24 11:40:08,320 [1] DEBUG Server [(null)] - 775
05-24 11:40:08,323 [1] DEBUG Server [(null)] - 776
05-24 11:40:08,341 [1] DEBUG Server [(null)] - 777
05-24 11:40:08,361 [1] DEBUG Server [(null)] - 778
05-24 11:40:08,381 [1] DEBUG Server [(null)] - 779
05-24 11:40:08,400 [1] DEBUG Server [(null)] - 780
05-24 11:40:08,444 [1] DEBUG Server [(null)] - 781
05-24 11:40:08,464 [1] DEBUG Server [(null)] - 782
05-24 11:40:08,484 [1] DEBUG Server [(null)] - 783
05-24 11:40:08,504 [1] DEBUG Server [(null)] - 784
05-24 11:40:08,525 [1] DEBUG Server [(null)] - 785
05-24 11:40:08,550 [1] DEBUG Server [(null)] - 786
05-24 11:40:08,571 [1] DEBUG Server [(null)] - 787
05-24 11:40:08,591 [1] DEBUG Server [(null)] - 788
05-24 11:40:08,609 [1] DEBUG Server [(null)] - 789
05-24 11:40:08,630 [1] DEBUG Server [(null)] - 790
05-24 11:40:08,655 [1] DEBUG Server [(null)] - 791
05-24 11:40:08,676 [1] DEBUG Server [(null)] - 792
05-24 11:40:08,695 [1] DEBUG Server [(null)] - 793
05-24 11:40:08,715 [1] DEBUG Server [(null)] - 794
05-24 11:40:08,735 [1] DEBUG Server [(null)] - 795
05-24 11:40:08,762 [1] DEBUG Server [(null)] - 796
05-24 11:40:08,781 [1] DEBUG Server [(null)] - 797
05-24 11:40:08,801 [1] DEBUG Server [(null)] - 798
05-24 11:40:08,821 [1] DEBUG Server [(null)] - 799
05-24 11:40:08,841 [1] DEBUG Server [(null)] - 800
05-24 11:40:08,861 [1] DEBUG Server [(null)] - 801
05-24 11:40:08,881 [1] DEBUG Server [(null)] - 802
05-24 11:40:08,901 [1] DEBUG Server [(null)] - 803
05-24 11:40:08,921 [1] DEBUG Server [(null)] - 804
05-24 11:40:08,941 [1] DEBUG Server [(null)] - 805
05-24 11:40:08,968 [1] DEBUG Server [(null)] - 806
05-24 11:40:08,987 [1] DEBUG Server [(null)] - 807
05-24 11:40:09,007 [1] DEBUG Server [(null)] - 808
05-24 11:40:09,027 [1] DEBUG Server [(null)] - 809
05-24 11:40:09,048 [1] DEBUG Server [(null)] - 810
05-24 11:40:09,071 [1] DEBUG Server [(null)] - 811
05-24 11:40:09,091 [1] DEBUG Server [(null)] - 812
05-24 11:40:09,113 [1] DEBUG Server [(null)] - 813
05-24 11:40:09,131 [1] DEBUG Server [(null)] - 814
05-24 11:40:09,152 [1] DEBUG Server [(null)] - 815
05-24 11:40:09,177 [1] DEBUG Server [(null)] - 816
05-24 11:40:09,197 [1] DEBUG Server [(null)] - 817
05-24 11:40:09,217 [1] DEBUG Server [(null)] - 818
05-24 11:40:09,236 [1] DEBUG Server [(null)] - 819
05-24 11:40:09,256 [1] DEBUG Server [(null)] - 820
05-24 11:40:09,281 [1] DEBUG Server [(null)] - 821
05-24 11:40:09,302 [1] DEBUG Server [(null)] - 822
05-24 11:40:09,322 [1] DEBUG Server [(null)] - 823
05-24 11:40:09,341 [1] DEBUG Server [(null)] - 824
05-24 11:40:09,361 [1] DEBUG Server [(null)] - 825
05-24 11:40:09,386 [1] DEBUG Server [(null)] - 826
05-24 11:40:09,404 [1] DEBUG Server [(null)] - 827
05-24 11:40:09,424 [1] DEBUG Server [(null)] - 828
05-24 11:40:09,445 [1] DEBUG Server [(null)] - 829
05-24 11:40:09,466 [1] DEBUG Server [(null)] - 830
05-24 11:40:09,488 [1] DEBUG Server [(null)] - 831
05-24 11:40:09,509 [1] DEBUG Server [(null)] - 832
05-24 11:40:09,528 [1] DEBUG Server [(null)] - 833
05-24 11:40:09,548 [1] DEBUG Server [(null)] - 834
05-24 11:40:09,568 [1] DEBUG Server [(null)] - 835
05-24 11:40:09,595 [1] DEBUG Server [(null)] - 836
05-24 11:40:09,614 [1] DEBUG Server [(null)] - 837
05-24 11:40:09,634 [1] DEBUG Server [(null)] - 838
05-24 11:40:09,654 [1] DEBUG Server [(null)] - 839
05-24 11:40:09,674 [1] DEBUG Server [(null)] - 840
05-24 11:40:09,700 [1] DEBUG Server [(null)] - 841
05-24 11:40:09,721 [1] DEBUG Server [(null)] - 842
05-24 11:40:09,740 [1] DEBUG Server [(null)] - 843
05-24 11:40:09,760 [1] DEBUG Server [(null)] - 844
05-24 11:40:09,780 [1] DEBUG Server [(null)] - 845
05-24 11:40:09,801 [1] DEBUG Server [(null)] - 846
05-24 11:40:09,821 [1] DEBUG Server [(null)] - 847
05-24 11:40:09,841 [1] DEBUG Server [(null)] - 848
05-24 11:40:09,860 [1] DEBUG Server [(null)] - 849
05-24 11:40:09,880 [1] DEBUG Server [(null)] - 850
05-24 11:40:09,910 [1] DEBUG Server [(null)] - 851
05-24 11:40:09,931 [1] DEBUG Server [(null)] - 852
05-24 11:40:09,950 [1] DEBUG Server [(null)] - 853
05-24 11:40:09,970 [1] DEBUG Server [(null)] - 854
05-24 11:40:09,991 [1] DEBUG Server [(null)] - 855
05-24 11:40:10,016 [1] DEBUG Server [(null)] - 856
05-24 11:40:10,035 [1] DEBUG Server [(null)] - 857
05-24 11:40:10,056 [1] DEBUG Server [(null)] - 858
05-24 11:40:10,075 [1] DEBUG Server [(null)] - 859
05-24 11:40:10,096 [1] DEBUG Server [(null)] - 860
05-24 11:40:10,118 [1] DEBUG Server [(null)] - 861
05-24 11:40:10,139 [1] DEBUG Server [(null)] - 862
05-24 11:40:10,158 [1] DEBUG Server [(null)] - 863
05-24 11:40:10,182 [1] DEBUG Server [(null)] - 864
05-24 11:40:10,195 [1] DEBUG Server [(null)] - 865
05-24 11:40:10,200 [1] DEBUG Server [(null)] - 866
05-24 11:40:10,218 [1] DEBUG Server [(null)] - 867
05-24 11:40:10,238 [1] DEBUG Server [(null)] - 868
05-24 11:40:10,258 [1] DEBUG Server [(null)] - 869
05-24 11:40:10,279 [1] DEBUG Server [(null)] - 870
05-24 11:40:10,316 [1] DEBUG Server [(null)] - 871
05-24 11:40:10,336 [1] DEBUG Server [(null)] - 872
05-24 11:40:10,356 [1] DEBUG Server [(null)] - 873
05-24 11:40:10,377 [1] DEBUG Server [(null)] - 874
05-24 11:40:10,396 [1] DEBUG Server [(null)] - 875
05-24 11:40:10,421 [1] DEBUG Server [(null)] - 876
05-24 11:40:10,441 [1] DEBUG Server [(null)] - 877
05-24 11:40:10,461 [1] DEBUG Server [(null)] - 878
05-24 11:40:10,481 [1] DEBUG Server [(null)] - 879
05-24 11:40:10,502 [1] DEBUG Server [(null)] - 880
05-24 11:40:10,526 [1] DEBUG Server [(null)] - 881
05-24 11:40:10,547 [1] DEBUG Server [(null)] - 882
05-24 11:40:10,566 [1] DEBUG Server [(null)] - 883
05-24 11:40:10,587 [1] DEBUG Server [(null)] - 884
05-24 11:40:10,607 [1] DEBUG Server [(null)] - 885
05-24 11:40:10,635 [1] DEBUG Server [(null)] - 886
05-24 11:40:10,655 [1] DEBUG Server [(null)] - 887
05-24 11:40:10,674 [1] DEBUG Server [(null)] - 888
05-24 11:40:10,695 [1] DEBUG Server [(null)] - 889
05-24 11:40:10,715 [1] DEBUG Server [(null)] - 890
05-24 11:40:10,734 [1] DEBUG Server [(null)] - 891
05-24 11:40:10,754 [1] DEBUG Server [(null)] - 892
05-24 11:40:10,775 [1] DEBUG Server [(null)] - 893
05-24 11:40:10,795 [1] DEBUG Server [(null)] - 894
05-24 11:40:10,814 [1] DEBUG Server [(null)] - 895
05-24 11:40:10,839 [1] DEBUG Server [(null)] - 896
05-24 11:40:10,860 [1] DEBUG Server [(null)] - 897
05-24 11:40:10,880 [1] DEBUG Server [(null)] - 898
05-24 11:40:10,900 [1] DEBUG Server [(null)] - 899
05-24 11:40:10,920 [1] DEBUG Server [(null)] - 900
05-24 11:40:10,943 [1] DEBUG Server [(null)] - 901
05-24 11:40:10,963 [1] DEBUG Server [(null)] - 902
05-24 11:40:10,985 [1] DEBUG Server [(null)] - 903
05-24 11:40:11,004 [1] DEBUG Server [(null)] - 904
05-24 11:40:11,023 [1] DEBUG Server [(null)] - 905
05-24 11:40:11,050 [1] DEBUG Server [(null)] - 906
05-24 11:40:11,069 [1] DEBUG Server [(null)] - 907
05-24 11:40:11,089 [1] DEBUG Server [(null)] - 908
05-24 11:40:11,110 [1] DEBUG Server [(null)] - 909
05-24 11:40:11,129 [1] DEBUG Server [(null)] - 910
05-24 11:40:11,154 [1] DEBUG Server [(null)] - 911
05-24 11:40:11,175 [1] DEBUG Server [(null)] - 912
05-24 11:40:11,194 [1] DEBUG Server [(null)] - 913
05-24 11:40:11,214 [1] DEBUG Server [(null)] - 914
05-24 11:40:11,234 [1] DEBUG Server [(null)] - 915
05-24 11:40:11,261 [1] DEBUG Server [(null)] - 916
05-24 11:40:11,280 [1] DEBUG Server [(null)] - 917
05-24 11:40:11,300 [1] DEBUG Server [(null)] - 918
05-24 11:40:11,320 [1] DEBUG Server [(null)] - 919
05-24 11:40:11,341 [1] DEBUG Server [(null)] - 920
05-24 11:40:11,365 [1] DEBUG Server [(null)] - 921
05-24 11:40:11,386 [1] DEBUG Server [(null)] - 922
05-24 11:40:11,405 [1] DEBUG Server [(null)] - 923
05-24 11:40:11,425 [1] DEBUG Server [(null)] - 924
05-24 11:40:11,446 [1] DEBUG Server [(null)] - 925
05-24 11:40:11,469 [1] DEBUG Server [(null)] - 926
05-24 11:40:11,490 [1] DEBUG Server [(null)] - 927
05-24 11:40:11,509 [1] DEBUG Server [(null)] - 928
05-24 11:40:11,529 [1] DEBUG Server [(null)] - 929
05-24 11:40:11,549 [1] DEBUG Server [(null)] - 930
05-24 11:40:11,573 [1] DEBUG Server [(null)] - 931
05-24 11:40:11,593 [1] DEBUG Server [(null)] - 932
05-24 11:40:11,613 [1] DEBUG Server [(null)] - 933
05-24 11:40:11,633 [1] DEBUG Server [(null)] - 934
05-24 11:40:11,653 [1] DEBUG Server [(null)] - 935
05-24 11:40:11,677 [1] DEBUG Server [(null)] - 936
05-24 11:40:11,698 [1] DEBUG Server [(null)] - 937
05-24 11:40:11,718 [1] DEBUG Server [(null)] - 938
05-24 11:40:11,737 [1] DEBUG Server [(null)] - 939
05-24 11:40:11,753 [1] DEBUG Server [(null)] - 940
05-24 11:40:11,759 [1] DEBUG Server [(null)] - 941
05-24 11:40:11,777 [1] DEBUG Server [(null)] - 942
05-24 11:40:11,797 [1] DEBUG Server [(null)] - 943
05-24 11:40:11,817 [1] DEBUG Server [(null)] - 944
05-24 11:40:11,837 [1] DEBUG Server [(null)] - 945
05-24 11:40:11,875 [1] DEBUG Server [(null)] - 946
05-24 11:40:11,894 [1] DEBUG Server [(null)] - 947
05-24 11:40:11,915 [1] DEBUG Server [(null)] - 948
05-24 11:40:11,934 [1] DEBUG Server [(null)] - 949
05-24 11:40:11,954 [1] DEBUG Server [(null)] - 950
05-24 11:40:11,981 [1] DEBUG Server [(null)] - 951
05-24 11:40:12,000 [1] DEBUG Server [(null)] - 952
05-24 11:40:12,020 [1] DEBUG Server [(null)] - 953
05-24 11:40:12,040 [1] DEBUG Server [(null)] - 954
05-24 11:40:12,061 [1] DEBUG Server [(null)] - 955
05-24 11:40:12,080 [1] DEBUG Server [(null)] - 956
05-24 11:40:12,100 [1] DEBUG Server [(null)] - 957
05-24 11:40:12,120 [1] DEBUG Server [(null)] - 958
05-24 11:40:12,140 [1] DEBUG Server [(null)] - 959
05-24 11:40:12,160 [1] DEBUG Server [(null)] - 960
05-24 11:40:12,188 [1] DEBUG Server [(null)] - 961
05-24 11:40:12,208 [1] DEBUG Server [(null)] - 962
05-24 11:40:12,228 [1] DEBUG Server [(null)] - 963
05-24 11:40:12,248 [1] DEBUG Server [(null)] - 964
05-24 11:40:12,269 [1] DEBUG Server [(null)] - 965
05-24 11:40:12,292 [1] DEBUG Server [(null)] - 966
05-24 11:40:12,312 [1] DEBUG Server [(null)] - 967
05-24 11:40:12,333 [1] DEBUG Server [(null)] - 968
05-24 11:40:12,353 [1] DEBUG Server [(null)] - 969
05-24 11:40:12,372 [1] DEBUG Server [(null)] - 970
05-24 11:40:12,396 [1] DEBUG Server [(null)] - 971
05-24 11:40:12,416 [1] DEBUG Server [(null)] - 972
05-24 11:40:12,436 [1] DEBUG Server [(null)] - 973
05-24 11:40:12,457 [1] DEBUG Server [(null)] - 974
05-24 11:40:12,477 [1] DEBUG Server [(null)] - 975
05-24 11:40:12,495 [1] DEBUG Server [(null)] - 976
05-24 11:40:12,517 [1] DEBUG Server [(null)] - 977
05-24 11:40:12,537 [1] DEBUG Server [(null)] - 978
05-24 11:40:12,556 [1] DEBUG Server [(null)] - 979
05-24 11:40:12,576 [1] DEBUG Server [(null)] - 980
05-24 11:40:12,607 [1] DEBUG Server [(null)] - 981
05-24 11:40:12,628 [1] DEBUG Server [(null)] - 982
05-24 11:40:12,648 [1] DEBUG Server [(null)] - 983
05-24 11:40:12,668 [1] DEBUG Server [(null)] - 984
05-24 11:40:12,687 [1] DEBUG Server [(null)] - 985
05-24 11:40:12,707 [1] DEBUG Server [(null)] - 986
05-24 11:40:12,728 [1] DEBUG Server [(null)] - 987
05-24 11:40:12,748 [1] DEBUG Server [(null)] - 988
05-24 11:40:12,767 [1] DEBUG Server [(null)] - 989
05-24 11:40:12,788 [1] DEBUG Server [(null)] - 990
05-24 11:40:12,812 [1] DEBUG Server [(null)] - 991
05-24 11:40:12,832 [1] DEBUG Server [(null)] - 992
05-24 11:40:12,852 [1] DEBUG Server [(null)] - 993
05-24 11:40:12,872 [1] DEBUG Server [(null)] - 994
05-24 11:40:12,893 [1] DEBUG Server [(null)] - 995
05-24 11:40:12,918 [1] DEBUG Server [(null)] - 996
05-24 11:40:12,937 [1] DEBUG Server [(null)] - 997
05-24 11:40:12,957 [1] DEBUG Server [(null)] - 998
05-24 11:40:12,977 [1] DEBUG Server [(null)] - 999
05-24 11:40:12,997 [1] DEBUG Server [(null)] - 1000
05-24 11:40:13,023 [1] DEBUG Server [(null)] - 1001
05-24 11:40:13,042 [1] DEBUG Server [(null)] - 1002
05-24 11:40:13,062 [1] DEBUG Server [(null)] - 1003
05-24 11:40:13,082 [1] DEBUG Server [(null)] - 1004
05-24 11:40:13,102 [1] DEBUG Server [(null)] - 1005
05-24 11:40:13,127 [1] DEBUG Server [(null)] - 1006
05-24 11:40:13,147 [1] DEBUG Server [(null)] - 1007
05-24 11:40:13,167 [1] DEBUG Server [(null)] - 1008
05-24 11:40:13,187 [1] DEBUG Server [(null)] - 1009
05-24 11:40:13,207 [1] DEBUG Server [(null)] - 1010
05-24 11:40:13,231 [1] DEBUG Server [(null)] - 1011
05-24 11:40:13,252 [1] DEBUG Server [(null)] - 1012
05-24 11:40:13,272 [1] DEBUG Server [(null)] - 1013
05-24 11:40:13,291 [1] DEBUG Server [(null)] - 1014
05-24 11:40:13,312 [1] DEBUG Server [(null)] - 1015
05-24 11:40:13,333 [1] DEBUG Server [(null)] - 1016
05-24 11:40:13,351 [1] DEBUG Server [(null)] - 1017
05-24 11:40:13,372 [1] DEBUG Server [(null)] - 1018
05-24 11:40:13,391 [1] DEBUG Server [(null)] - 1019
05-24 11:40:13,411 [1] DEBUG Server [(null)] - 1020
05-24 11:40:13,441 [1] DEBUG Server [(null)] - 1021
05-24 11:40:13,461 [1] DEBUG Server [(null)] - 1022
05-24 11:40:13,482 [1] DEBUG Server [(null)] - 1023
05-24 11:40:13,502 [1] DEBUG Server [(null)] - 1024
05-24 11:40:13,522 [1] DEBUG Server [(null)] - 1025
05-24 11:40:13,545 [1] DEBUG Server [(null)] - 1026
05-24 11:40:13,566 [1] DEBUG Server [(null)] - 1027
05-24 11:40:13,585 [1] DEBUG Server [(null)] - 1028
05-24 11:40:13,605 [1] DEBUG Server [(null)] - 1029
05-24 11:40:13,626 [1] DEBUG Server [(null)] - 1030
05-24 11:40:13,648 [1] DEBUG Server [(null)] - 1031
05-24 11:40:13,668 [1] DEBUG Server [(null)] - 1032
05-24 11:40:13,689 [1] DEBUG Server [(null)] - 1033
05-24 11:40:13,708 [1] DEBUG Server [(null)] - 1034
05-24 11:40:13,729 [1] DEBUG Server [(null)] - 1035
05-24 11:40:13,754 [1] DEBUG Server [(null)] - 1036
05-24 11:40:13,772 [1] DEBUG Server [(null)] - 1037
05-24 11:40:13,792 [1] DEBUG Server [(null)] - 1038
05-24 11:40:13,813 [1] DEBUG Server [(null)] - 1039
05-24 11:40:13,833 [1] DEBUG Server [(null)] - 1040
05-24 11:40:13,858 [1] DEBUG Server [(null)] - 1041
05-24 11:40:13,879 [1] DEBUG Server [(null)] - 1042
05-24 11:40:13,899 [1] DEBUG Server [(null)] - 1043
05-24 11:40:13,918 [1] DEBUG Server [(null)] - 1044
05-24 11:40:13,939 [1] DEBUG Server [(null)] - 1045
05-24 11:40:13,958 [1] DEBUG Server [(null)] - 1046
05-24 11:40:13,979 [1] DEBUG Server [(null)] - 1047
05-24 11:40:13,999 [1] DEBUG Server [(null)] - 1048
05-24 11:40:14,018 [1] DEBUG Server [(null)] - 1049
05-24 11:40:14,038 [1] DEBUG Server [(null)] - 1050
05-24 11:40:14,065 [1] DEBUG Server [(null)] - 1051
05-24 11:40:14,085 [1] DEBUG Server [(null)] - 1052
05-24 11:40:14,106 [1] DEBUG Server [(null)] - 1053
05-24 11:40:14,126 [1] DEBUG Server [(null)] - 1054
05-24 11:40:14,145 [1] DEBUG Server [(null)] - 1055
05-24 11:40:14,170 [1] DEBUG Server [(null)] - 1056
05-24 11:40:14,191 [1] DEBUG Server [(null)] - 1057
05-24 11:40:14,210 [1] DEBUG Server [(null)] - 1058
05-24 11:40:14,231 [1] DEBUG Server [(null)] - 1059
05-24 11:40:14,250 [1] DEBUG Server [(null)] - 1060
05-24 11:40:14,271 [1] DEBUG Server [(null)] - 1061
05-24 11:40:14,291 [1] DEBUG Server [(null)] - 1062
05-24 11:40:14,310 [1] DEBUG Server [(null)] - 1063
05-24 11:40:14,331 [1] DEBUG Server [(null)] - 1064
05-24 11:40:14,351 [1] DEBUG Server [(null)] - 1065
05-24 11:40:14,379 [1] DEBUG Server [(null)] - 1066
05-24 11:40:14,400 [1] DEBUG Server [(null)] - 1067
05-24 11:40:14,420 [1] DEBUG Server [(null)] - 1068
05-24 11:40:14,440 [1] DEBUG Server [(null)] - 1069
05-24 11:40:14,459 [1] DEBUG Server [(null)] - 1070
05-24 11:40:14,484 [1] DEBUG Server [(null)] - 1071
05-24 11:40:14,504 [1] DEBUG Server [(null)] - 1072
05-24 11:40:14,523 [1] DEBUG Server [(null)] - 1073
05-24 11:40:14,544 [1] DEBUG Server [(null)] - 1074
05-24 11:40:14,564 [1] DEBUG Server [(null)] - 1075
05-24 11:40:14,589 [1] DEBUG Server [(null)] - 1076
05-24 11:40:14,608 [1] DEBUG Server [(null)] - 1077
05-24 11:40:14,629 [1] DEBUG Server [(null)] - 1078
05-24 11:40:14,650 [1] DEBUG Server [(null)] - 1079
05-24 11:40:14,669 [1] DEBUG Server [(null)] - 1080
05-24 11:40:14,688 [1] DEBUG Server [(null)] - 1081
05-24 11:40:14,708 [1] DEBUG Server [(null)] - 1082
05-24 11:40:14,729 [1] DEBUG Server [(null)] - 1083
05-24 11:40:14,748 [1] DEBUG Server [(null)] - 1084
05-24 11:40:14,768 [1] DEBUG Server [(null)] - 1085
05-24 11:40:14,795 [1] DEBUG Server [(null)] - 1086
05-24 11:40:14,815 [1] DEBUG Server [(null)] - 1087
05-24 11:40:14,835 [1] DEBUG Server [(null)] - 1088
05-24 11:40:14,856 [1] DEBUG Server [(null)] - 1089
05-24 11:40:14,875 [1] DEBUG Server [(null)] - 1090
05-24 11:40:14,898 [1] DEBUG Server [(null)] - 1091
05-24 11:40:14,918 [1] DEBUG Server [(null)] - 1092
05-24 11:40:14,938 [1] DEBUG Server [(null)] - 1093
05-24 11:40:14,948 [1] DEBUG Server [(null)] - 有客户端断开连接了, code:Shutdown, msg:Server stoped
05-24 11:42:26,834 [1] DEBUG Server [(null)] - Server started, listening port: 2551
05-24 11:42:27,110 [1] DEBUG Server [(null)] - 有客户端连接了, code:Success, msg:Client connection accepted, remote endpoint: 127.0.0.1:60510
05-24 11:42:27,114 [1] DEBUG Server [(null)] - 创建战场:ZvnM5D46Sk+hPJswUd/d2A==
05-24 11:42:27,192 [1] DEBUG Server [(null)] - 1
05-24 11:42:27,204 [1] DEBUG Server [(null)] - 2
05-24 11:42:27,224 [1] DEBUG Server [(null)] - 3
05-24 11:42:27,242 [1] DEBUG Server [(null)] - 4
05-24 11:42:27,248 [1] DEBUG Server [(null)] - 5
05-24 11:42:27,263 [1] DEBUG Server [(null)] - 6
05-24 11:42:27,283 [1] DEBUG Server [(null)] - 7
05-24 11:42:27,303 [1] DEBUG Server [(null)] - 8
05-24 11:42:27,323 [1] DEBUG Server [(null)] - 9
05-24 11:42:27,343 [1] DEBUG Server [(null)] - 10
05-24 11:42:27,368 [1] DEBUG Server [(null)] - 11
05-24 11:42:27,388 [1] DEBUG Server [(null)] - 12
05-24 11:42:27,408 [1] DEBUG Server [(null)] - 13
05-24 11:42:27,428 [1] DEBUG Server [(null)] - 14
05-24 11:42:27,445 [1] DEBUG Server [(null)] - 15
05-24 11:42:27,448 [1] DEBUG Server [(null)] - 16
05-24 11:42:27,467 [1] DEBUG Server [(null)] - 17
05-24 11:42:27,487 [1] DEBUG Server [(null)] - 18
05-24 11:42:27,515 [1] DEBUG Server [(null)] - 19
05-24 11:42:27,592 [1] DEBUG Server [(null)] - 20
05-24 11:42:27,637 [1] DEBUG Server [(null)] - 21
05-24 11:42:27,687 [1] DEBUG Server [(null)] - 22
05-24 11:42:27,705 [1] DEBUG Server [(null)] - 23
05-24 11:42:27,707 [1] DEBUG Server [(null)] - 24
05-24 11:42:27,763 [1] DEBUG Server [(null)] - 25
05-24 11:42:27,819 [1] DEBUG Server [(null)] - 26
05-24 11:42:27,843 [1] DEBUG Server [(null)] - 27
05-24 11:42:27,846 [1] DEBUG Server [(null)] - 28
05-24 11:42:27,853 [1] DEBUG Server [(null)] - 29
05-24 11:42:27,856 [1] DEBUG Server [(null)] - 30
05-24 11:42:27,859 [1] DEBUG Server [(null)] - 31
05-24 11:42:27,860 [1] DEBUG Server [(null)] - 32
05-24 11:42:27,861 [1] DEBUG Server [(null)] - 33
05-24 11:42:27,862 [1] DEBUG Server [(null)] - 34
05-24 11:42:27,864 [1] DEBUG Server [(null)] - 35
05-24 11:42:27,868 [1] DEBUG Server [(null)] - 36
05-24 11:42:27,869 [1] DEBUG Server [(null)] - 37
05-24 11:42:27,871 [1] DEBUG Server [(null)] - 38
05-24 11:42:27,871 [1] DEBUG Server [(null)] - 39
05-24 11:42:27,889 [1] DEBUG Server [(null)] - 40
05-24 11:42:27,993 [1] DEBUG Server [(null)] - 41
05-24 11:42:28,004 [1] DEBUG Server [(null)] - 42
05-24 11:42:28,044 [1] DEBUG Server [(null)] - 43
05-24 11:42:28,062 [1] DEBUG Server [(null)] - 44
05-24 11:42:28,068 [1] DEBUG Server [(null)] - 45
05-24 11:42:28,069 [1] DEBUG Server [(null)] - 46
05-24 11:42:28,083 [1] DEBUG Server [(null)] - 47
05-24 11:42:28,102 [1] DEBUG Server [(null)] - 48
05-24 11:42:28,123 [1] DEBUG Server [(null)] - 49
05-24 11:42:28,142 [1] DEBUG Server [(null)] - 50
05-24 11:42:28,189 [1] DEBUG Server [(null)] - 51
05-24 11:42:28,211 [1] DEBUG Server [(null)] - 52
05-24 11:42:28,230 [1] DEBUG Server [(null)] - 53
05-24 11:42:28,250 [1] DEBUG Server [(null)] - 54
05-24 11:42:28,271 [1] DEBUG Server [(null)] - 55
05-24 11:42:28,292 [1] DEBUG Server [(null)] - 56
05-24 11:42:28,313 [1] DEBUG Server [(null)] - 57
05-24 11:42:28,333 [1] DEBUG Server [(null)] - 58
05-24 11:42:28,352 [1] DEBUG Server [(null)] - 59
05-24 11:42:28,373 [1] DEBUG Server [(null)] - 60
05-24 11:42:28,398 [1] DEBUG Server [(null)] - 61
05-24 11:42:28,418 [1] DEBUG Server [(null)] - 62
05-24 11:42:28,437 [1] DEBUG Server [(null)] - 63
05-24 11:42:28,458 [1] DEBUG Server [(null)] - 64
05-24 11:42:28,477 [1] DEBUG Server [(null)] - 65
05-24 11:42:28,479 [1] DEBUG Server [(null)] - 66
05-24 11:42:28,497 [1] DEBUG Server [(null)] - 67
05-24 11:42:28,518 [1] DEBUG Server [(null)] - 68
05-24 11:42:28,539 [1] DEBUG Server [(null)] - 69
05-24 11:42:28,558 [1] DEBUG Server [(null)] - 70
05-24 11:42:28,620 [1] DEBUG Server [(null)] - 71
05-24 11:42:28,640 [1] DEBUG Server [(null)] - 72
05-24 11:42:28,660 [1] DEBUG Server [(null)] - 73
05-24 11:42:28,683 [1] DEBUG Server [(null)] - 74
05-24 11:42:28,689 [1] DEBUG Server [(null)] - 75
05-24 11:42:28,699 [1] DEBUG Server [(null)] - 76
05-24 11:42:28,720 [1] DEBUG Server [(null)] - 77
05-24 11:42:28,739 [1] DEBUG Server [(null)] - 78
05-24 11:42:28,760 [1] DEBUG Server [(null)] - 79
05-24 11:42:28,779 [1] DEBUG Server [(null)] - 80
05-24 11:42:28,808 [1] DEBUG Server [(null)] - 81
05-24 11:42:28,829 [1] DEBUG Server [(null)] - 82
05-24 11:42:28,848 [1] DEBUG Server [(null)] - 83
05-24 11:42:28,869 [1] DEBUG Server [(null)] - 84
05-24 11:42:28,889 [1] DEBUG Server [(null)] - 85
05-24 11:42:28,916 [1] DEBUG Server [(null)] - 86
05-24 11:42:28,935 [1] DEBUG Server [(null)] - 87
05-24 11:42:28,954 [1] DEBUG Server [(null)] - 88
05-24 11:42:28,959 [1] DEBUG Server [(null)] - 有客户端断开连接了, code:Shutdown, msg:Server stoped
